1 2.3291
2 2.1909
3 2.2338
4 2.1092
5 1.9734
6 1.8789
7 1.7727
8 1.6908
9 1.5205
10 1.3755
11 1.2651
12 1.2228
13 1.1638
14 1.0719
15 1.0037
16 0.8731
17 0.8254
18 0.7403
19 0.8228
20 0.6579
21 0.6584
22 0.5380
23 0.6590
24 0.5983
25 0.4950
26 0.4572
27 0.4500
28 0.3196
29 0.4085
30 0.3407
31 0.4345
32 0.3252
33 0.4173
34 0.2491
35 0.2732
36 0.2706
37 0.2510
38 0.1840
39 0.2918
40 0.2420
41 0.2694
42 0.2405
43 0.1959
44 0.2763
45 0.1998
46 0.2775
47 0.2795
48 0.3255
49 0.1346
50 0.1674
51 0.2122
52 0.1228
53 0.1423
54 0.2860
55 0.1089
56 0.1600
57 0.1568
58 0.1528
59 0.2155
60 0.1317
61 0.1863
62 0.2185
63 0.1279
64 0.1183
65 0.1557
66 0.1279
67 0.1121
68 0.2056
69 0.1863
70 0.1441
71 0.1527
72 0.1560
73 0.1394
74 0.1313
75 0.2272
76 0.1450
77 0.1392
78 0.1741
79 0.1948
80 0.3301
81 0.1422
82 0.1489
83 0.0656
84 0.2284
85 0.1473
86 0.1476
87 0.1258
88 0.1832
89 0.1379
90 0.1662
91 0.1934
92 0.0679
93 0.1795
94 0.1063
95 0.2166
96 0.1397
97 0.0900
98 0.1182
99 0.1919
100 0.1482
101 0.1238
102 0.0947
103 0.1933
104 0.1046
105 0.0731
106 0.1024
107 0.1818
108 0.0765
109 0.0913
110 0.0642
111 0.0889
112 0.0510
113 0.1836
114 0.1809
115 0.0683
116 0.0742
117 0.1337
118 0.1328
119 0.1238
120 0.1241
121 0.1074
122 0.1639
123 0.0906
124 0.1083
125 0.0699
126 0.1314
127 0.0738
128 0.0896
129 0.0690
130 0.0603
131 0.1202
132 0.0814
133 0.0925
134 0.1681
135 0.1337
136 0.1051
137 0.0499
138 0.1066
139 0.0907
140 0.1207
141 0.0946
142 0.0422
143 0.0426
144 0.0453
145 0.1920
146 0.0572
147 0.1938
148 0.1148
149 0.0816
150 0.0695
151 0.0947
152 0.1266
153 0.0983
154 0.1261
155 0.1432
156 0.2210
157 0.1593
158 0.1483
159 0.0938
160 0.1199
161 0.0828
162 0.1542
163 0.1147
164 0.1360
165 0.0477
166 0.1081
167 0.0705
168 0.0703
169 0.0904
170 0.1285
171 0.0628
172 0.0946
173 0.0798
174 0.0394
175 0.0395
176 0.0664
177 0.2206
178 0.0943
179 0.2233
180 0.0756
181 0.0600
182 0.1019
183 0.0681
184 0.0991
185 0.1408
186 0.1525
187 0.2188
188 0.0760
189 0.1981
190 0.1461
191 0.1038
192 0.1097
193 0.1643
194 0.0556
195 0.0623
196 0.1046
197 0.0553
198 0.1150
199 0.1368
200 0.1308
201 0.0787
202 0.0995
203 0.0701
204 0.0810
205 0.1981
206 0.0687
207 0.1540
208 0.1409
209 0.0621
210 0.0658
211 0.1180
212 0.0862
213 0.1408
214 0.0854
215 0.1155
216 0.0521
217 0.1195
218 0.0687
219 0.0848
220 0.0882
221 0.0719
222 0.0393
223 0.0449
224 0.0466
225 0.0575
226 0.0738
227 0.1229
228 0.0944
229 0.1393
230 0.1035
231 0.1442
232 0.0878
233 0.1184
234 0.0556
235 0.1153
236 0.0904
237 0.1475
238 0.0463
239 0.1599
240 0.0406
241 0.0919
242 0.1638
243 0.0626
244 0.0458
245 0.0526
246 0.0640
247 0.0840
248 0.0831
249 0.0960
250 0.0321
251 0.0804
252 0.0645
253 0.1011
254 0.1327
255 0.1263
256 0.0328
257 0.0751
258 0.1121
259 0.0703
260 0.0658
261 0.1451
262 0.0950
263 0.1561
264 0.0847
265 0.0574
266 0.0463
267 0.1412
268 0.0352
269 0.0845
270 0.0684
271 0.1646
272 0.0916
273 0.1507
274 0.1445
275 0.0698
276 0.1431
277 0.1018
278 0.1035
279 0.1089
280 0.0901
281 0.1116
282 0.1211
283 0.0372
284 0.0402
285 0.0512
286 0.1336
287 0.0656
288 0.1687
289 0.0254
290 0.0995
291 0.0831
292 0.0388
293 0.0366
294 0.0487
295 0.0782
296 0.0472
297 0.0652
298 0.0940
299 0.0581
300 0.0835
301 0.0984
302 0.0555
303 0.1066
304 0.0251
305 0.0971
306 0.0543
307 0.2365
308 0.0440
309 0.0686
310 0.0636
311 0.1216
312 0.1820
313 0.1004
314 0.0528
315 0.0665
316 0.0694
317 0.1085
318 0.0948
319 0.0923
320 0.1661
321 0.1307
322 0.0507
323 0.0661
324 0.0505
325 0.0799
326 0.0562
327 0.1183
328 0.0523
329 0.0781
330 0.0968
331 0.0454
332 0.0803
333 0.0686
334 0.0740
335 0.0414
336 0.0853
337 0.1037
338 0.0666
339 0.0831
340 0.0575
341 0.0353
342 0.0658
343 0.0775
344 0.0570
345 0.0815
346 0.0856
347 0.0475
348 0.1078
349 0.0615
350 0.0415
351 0.0717
352 0.1072
353 0.0589
354 0.0753
355 0.0664
356 0.0795
357 0.0573
358 0.0379
359 0.1009
360 0.0597
361 0.0418
362 0.0670
363 0.0401
364 0.1147
365 0.0741
366 0.0684
367 0.0297
368 0.0499
369 0.0509
370 0.1134
371 0.0375
372 0.0673
373 0.1447
374 0.0383
375 0.0488
376 0.0793
377 0.1236
378 0.0915
379 0.1683
380 0.0435
381 0.0418
382 0.0592
383 0.0336
384 0.0695
385 0.0341
386 0.0349
387 0.0353
388 0.1315
389 0.0829
390 0.0899
391 0.0704
392 0.1374
393 0.0942
394 0.0417
395 0.0664
396 0.0697
397 0.0319
398 0.0489
399 0.0179
400 0.0416
401 0.0961
402 0.0554
403 0.0275
404 0.0719
405 0.0140
406 0.1281
407 0.0851
408 0.0136
409 0.0395
410 0.0462
411 0.0691
412 0.0461
413 0.1236
414 0.0279
415 0.0813
416 0.0372
417 0.1178
418 0.0638
419 0.0683
420 0.0549
421 0.0876
422 0.0585
423 0.0445
424 0.0934
425 0.1057
426 0.0826
427 0.0634
428 0.0316
429 0.0399
430 0.0768
431 0.0582
432 0.0301
433 0.0638
434 0.0122
435 0.0525
436 0.1000
437 0.0575
438 0.0221
439 0.0148
440 0.0621
441 0.0329
442 0.0505
443 0.0726
444 0.0326
445 0.0741
446 0.0968
447 0.0845
448 0.0975
449 0.0149
450 0.0661
451 0.0857
452 0.0405
453 0.0689
454 0.0607
455 0.0356
456 0.0488
457 0.0760
458 0.2008
459 0.0576
460 0.0672
461 0.1000
462 0.0606
463 0.0255
464 0.0518
465 0.0675
466 0.0430
467 0.0498
468 0.0654
469 0.1504
470 0.0507
471 0.1079
472 0.0454
473 0.0505
474 0.0907
475 0.0657
476 0.0390
477 0.0791
478 0.0215
479 0.0278
480 0.0693
481 0.0264
482 0.0409
483 0.0428
484 0.0411
485 0.0837
486 0.0208
487 0.0567
488 0.0106
489 0.0596
490 0.0339
491 0.0442
492 0.1052
493 0.0243
494 0.0246
495 0.0867
496 0.0422
497 0.0193
498 0.0678
499 0.0979
500 0.0267
501 0.0603
502 0.0820
503 0.0745
504 0.1157
505 0.0473
506 0.0555
507 0.0745
508 0.0169
509 0.0284
510 0.0436
511 0.0124
512 0.0883
513 0.0544
514 0.0902
515 0.1186
516 0.0553
517 0.0706
518 0.0241
519 0.0541
520 0.0174
521 0.0648
522 0.0310
523 0.0187
524 0.0301
525 0.0185
526 0.0376
527 0.0469
528 0.0501
529 0.0100
530 0.0504
531 0.0097
532 0.0418
533 0.0279
534 0.0762
535 0.0685
536 0.0344
537 0.0218
538 0.0373
539 0.0722
540 0.0209
541 0.1161
542 0.0465
543 0.0100
544 0.0263
545 0.0491
546 0.0808
547 0.0122
548 0.0484
549 0.0892
550 0.0639
551 0.0513
552 0.0264
553 0.0473
554 0.0522
555 0.0283
556 0.0325
557 0.0577
558 0.1072
559 0.1110
560 0.0373
561 0.0295
562 0.0860
563 0.0375
564 0.0624
565 0.0491
566 0.0906
567 0.0637
568 0.1184
569 0.0241
570 0.0165
571 0.0672
572 0.0281
573 0.0484
574 0.0607
575 0.0366
576 0.0175
577 0.0378
578 0.0761
579 0.0643
580 0.0371
581 0.1206
582 0.0472
583 0.0954
584 0.0562
585 0.0664
586 0.0306
587 0.0981
588 0.0213
589 0.0644
590 0.0640
591 0.2014
592 0.0372
593 0.0275
594 0.1815
595 0.0641
596 0.0275
597 0.0360
598 0.1248
599 0.0913
600 0.0212
601 0.0359
602 0.0358
603 0.0547
604 0.0371
605 0.0882
606 0.0333
607 0.1433
608 0.0703
609 0.0461
610 0.0228
611 0.0458
612 0.0759
613 0.0238
614 0.0877
615 0.0220
616 0.0243
617 0.1251
618 0.0410
619 0.0507
620 0.0979
621 0.0588
622 0.0169
623 0.0061
624 0.0214
625 0.1105
626 0.0349
627 0.0673
628 0.0259
629 0.0745
630 0.0505
631 0.0183
632 0.0649
633 0.0774
634 0.0452
635 0.1155
636 0.1193
637 0.0459
638 0.0195
639 0.0729
640 0.0378
641 0.0413
642 0.0662
643 0.0353
644 0.0494
645 0.0496
646 0.0312
647 0.0635
648 0.0151
649 0.1051
650 0.0320
651 0.1560
652 0.0511
653 0.0308
654 0.0765
655 0.0600
656 0.0911
657 0.0555
658 0.0430
659 0.0152
660 0.1117
661 0.0535
662 0.0258
663 0.0690
664 0.0229
665 0.0379
666 0.0868
667 0.0347
668 0.0287
669 0.0566
670 0.0407
671 0.0407
672 0.0037
673 0.0468
674 0.0636
675 0.0379
676 0.0280
677 0.0520
678 0.0475
679 0.0305
680 0.1221
681 0.0251
682 0.0598
683 0.0602
684 0.0245
685 0.0103
686 0.0408
687 0.0319
688 0.0249
689 0.0343
690 0.0444
691 0.0342
692 0.0168
693 0.0506
694 0.0086
695 0.1254
696 0.0381
697 0.0369
698 0.0158
699 0.0279
700 0.0365
701 0.0172
702 0.1205
703 0.0499
704 0.0219
705 0.0220
706 0.0168
707 0.0136
708 0.0925
709 0.0374
710 0.0834
711 0.0140
712 0.0556
713 0.0547
714 0.1012
715 0.0109
716 0.0560
717 0.1194
718 0.0393
719 0.0972
720 0.0715
721 0.0252
722 0.0360
723 0.0961
724 0.0852
725 0.0463
726 0.1145
727 0.0138
728 0.0090
729 0.1216
730 0.0287
731 0.0410
732 0.0533
733 0.0152
734 0.0125
735 0.0113
736 0.0233
737 0.0696
738 0.0742
739 0.0394
740 0.1412
741 0.0452
742 0.0445
743 0.2630
744 0.0721
745 0.1197
746 0.0626
747 0.0193
748 0.0404
749 0.0435
750 0.0512
751 0.0411
752 0.0371
753 0.0260
754 0.0364
755 0.1579
756 0.0479
757 0.0579
758 0.1177
759 0.0209
760 0.0905
761 0.0432
762 0.0816
763 0.0897
764 0.0553
765 0.0430
766 0.0793
767 0.0270
768 0.0356
769 0.0819
770 0.1264
771 0.0316
772 0.0827
773 0.0648
774 0.0315
775 0.0861
776 0.1302
777 0.0398
778 0.0433
779 0.0460
780 0.0727
781 0.0361
782 0.0685
783 0.0562
784 0.0740
785 0.0205
786 0.0593
787 0.0382
788 0.0290
789 0.0662
790 0.0073
791 0.0337
792 0.1041
793 0.0279
794 0.0822
795 0.0314
796 0.1242
797 0.0159
798 0.0083
799 0.0614
800 0.0551
801 0.0420
802 0.0108
803 0.0768
804 0.0147
805 0.0982
806 0.0446
807 0.0123
808 0.0746
809 0.0187
810 0.0204
811 0.0354
812 0.0362
813 0.0377
814 0.0139
815 0.0399
816 0.0783
817 0.0875
818 0.0588
819 0.0752
820 0.0706
821 0.0212
822 0.1276
823 0.0168
824 0.0423
825 0.0112
826 0.0769
827 0.0809
828 0.0167
829 0.0253
830 0.0418
831 0.1012
832 0.0101
833 0.0854
834 0.0569
835 0.0273
836 0.0502
837 0.0912
838 0.0196
839 0.0664
840 0.0206
841 0.0257
842 0.0663
843 0.0281
844 0.0186
845 0.0524
846 0.0444
847 0.1085
848 0.0398
849 0.0247
850 0.0545
851 0.0294
852 0.0470
853 0.0946
854 0.0732
855 0.0390
856 0.0638
857 0.0628
858 0.0195
859 0.0368
860 0.0262
861 0.0088
862 0.0313
863 0.0253
864 0.0086
865 0.0320
866 0.0357
867 0.0501
868 0.0178
869 0.0495
870 0.0792
871 0.0576
872 0.0261
873 0.0790
874 0.0321
875 0.0109
876 0.0752
877 0.0309
878 0.1185
879 0.0054
880 0.0846
881 0.0391
882 0.1234
883 0.0843
884 0.0945
885 0.0412
886 0.0328
887 0.0956
888 0.0374
889 0.0164
890 0.0514
891 0.0173
892 0.0478
893 0.0594
894 0.0475
895 0.1044
896 0.0278
897 0.0204
898 0.0758
899 0.0990
900 0.1031
901 0.0571
902 0.0759
903 0.0193
904 0.0571
905 0.0170
906 0.0963
907 0.0448
908 0.1056
909 0.0288
910 0.0604
911 0.0996
912 0.0249
913 0.0512
914 0.0544
915 0.0215
916 0.0492
917 0.0564
918 0.0526
919 0.0178
920 0.0421
921 0.0267
922 0.0366
923 0.0264
924 0.0367
925 0.0320
926 0.1177
927 0.0052
928 0.0163
929 0.0813
930 0.0467
931 0.0323
932 0.0245
933 0.0569
934 0.0425
935 0.0387
936 0.0297
937 0.0345
938 0.1239
