1 2.3462
2 2.3374
3 2.2915
4 2.1903
5 2.0321
6 2.0618
7 2.0628
8 1.9575
9 1.7748
10 1.6962
11 1.6217
12 1.3834
13 1.3918
14 1.2096
15 1.1220
16 1.0851
17 0.9609
18 1.0228
19 0.8702
20 0.7514
21 0.8855
22 0.6892
23 0.6112
24 0.5871
25 0.5258
26 0.6613
27 0.4967
28 0.5379
29 0.6731
30 0.4407
31 0.4363
32 0.4916
33 0.4096
34 0.3998
35 0.2773
36 0.3249
37 0.3972
38 0.4183
39 0.3382
40 0.4184
41 0.3271
42 0.2729
43 0.2519
44 0.2959
45 0.2403
46 0.2338
47 0.2297
48 0.2268
49 0.3278
50 0.2264
51 0.2066
52 0.2302
53 0.2549
54 0.2983
55 0.2151
56 0.2501
57 0.2610
58 0.2123
59 0.3943
60 0.2006
61 0.2020
62 0.2477
63 0.1967
64 0.2722
65 0.2484
66 0.1288
67 0.2255
68 0.1796
69 0.2351
70 0.3123
71 0.2620
72 0.1969
73 0.2598
74 0.2479
75 0.2208
76 0.1857
77 0.1620
78 0.1899
79 0.2868
80 0.2537
81 0.1114
82 0.2473
83 0.2083
84 0.3511
85 0.1799
86 0.2771
87 0.2764
88 0.2898
89 0.1355
90 0.1170
91 0.2441
92 0.1296
93 0.1710
94 0.1383
95 0.1661
96 0.1388
97 0.1343
98 0.2824
99 0.1868
100 0.1027
101 0.1971
102 0.2654
103 0.1076
104 0.1057
105 0.1855
106 0.1782
107 0.1984
108 0.1388
109 0.1509
110 0.1001
111 0.1789
112 0.2277
113 0.1282
114 0.1836
115 0.0927
116 0.2917
117 0.1142
118 0.1529
119 0.1569
120 0.1364
121 0.2029
122 0.1758
123 0.0792
124 0.1555
125 0.2283
126 0.1958
127 0.0875
128 0.1402
129 0.1601
130 0.1467
131 0.0935
132 0.1810
133 0.1994
134 0.1399
135 0.1132
136 0.2169
137 0.1549
138 0.1174
139 0.1995
140 0.1404
141 0.2021
142 0.1291
143 0.0976
144 0.1068
145 0.1594
146 0.1701
147 0.0705
148 0.1922
149 0.1733
150 0.1893
151 0.1805
152 0.1080
153 0.2078
154 0.2373
155 0.1898
156 0.1260
157 0.1495
158 0.1174
159 0.1573
160 0.2079
161 0.0887
162 0.2167
163 0.1134
164 0.0915
165 0.1032
166 0.0908
167 0.1111
168 0.1013
169 0.1956
170 0.0687
171 0.1494
172 0.0859
173 0.0985
174 0.1699
175 0.2114
176 0.1356
177 0.1357
178 0.0935
179 0.2346
180 0.0881
181 0.1575
182 0.0896
183 0.0842
184 0.0600
185 0.1235
186 0.1183
187 0.0752
188 0.1126
189 0.1709
190 0.0457
191 0.0655
192 0.1597
193 0.1010
194 0.0664
195 0.2011
196 0.2544
197 0.1787
198 0.1030
199 0.0924
200 0.1566
201 0.0800
202 0.0739
203 0.0577
204 0.1024
205 0.1660
206 0.1389
207 0.1710
208 0.1254
209 0.2134
210 0.1134
211 0.1005
212 0.0510
213 0.1017
214 0.1039
215 0.1121
216 0.1131
217 0.1088
218 0.0852
219 0.1432
220 0.1716
221 0.0730
222 0.1868
223 0.0969
224 0.0521
225 0.0880
226 0.0983
227 0.0247
228 0.1662
229 0.0825
230 0.1446
231 0.0720
232 0.0309
233 0.1745
234 0.1876
235 0.1102
236 0.0722
237 0.1194
238 0.0870
239 0.0663
240 0.1527
241 0.0643
242 0.1570
243 0.0688
244 0.0641
245 0.1383
246 0.0929
247 0.0388
248 0.0624
249 0.1169
250 0.0996
251 0.1502
252 0.0800
253 0.1012
254 0.0853
255 0.1231
256 0.0790
257 0.1000
258 0.0497
259 0.0396
260 0.0339
261 0.0743
262 0.1370
263 0.1411
264 0.1243
265 0.0638
266 0.0534
267 0.1309
268 0.1332
269 0.1160
270 0.0879
271 0.0765
272 0.1271
273 0.0995
274 0.0670
275 0.0903
276 0.1097
277 0.2282
278 0.0522
279 0.2462
280 0.1198
281 0.1993
282 0.2526
283 0.0924
284 0.0815
285 0.1892
286 0.0936
287 0.2403
288 0.0883
289 0.0601
290 0.0500
291 0.1028
292 0.1859
293 0.0576
294 0.1393
295 0.0728
296 0.0894
297 0.1037
298 0.0424
299 0.0567
300 0.1144
301 0.0886
302 0.0734
303 0.0631
304 0.1118
305 0.0459
306 0.0669
307 0.0659
308 0.0736
309 0.0608
310 0.1085
311 0.0540
312 0.1547
313 0.0509
314 0.0892
315 0.1303
316 0.0913
317 0.0511
318 0.0645
319 0.1266
320 0.0630
321 0.0652
322 0.0681
323 0.0812
324 0.1327
325 0.0510
326 0.1338
327 0.1204
328 0.0803
329 0.0531
330 0.0884
331 0.1160
332 0.1152
333 0.1119
334 0.0485
335 0.0671
336 0.0965
337 0.1500
338 0.1391
339 0.1604
340 0.0509
341 0.1043
342 0.0732
343 0.0819
344 0.1292
345 0.1411
346 0.1129
347 0.0868
348 0.1007
349 0.0592
350 0.0879
351 0.0564
352 0.1204
353 0.1348
354 0.1430
355 0.1001
356 0.0517
357 0.1602
358 0.0940
359 0.0512
360 0.1395
361 0.0782
362 0.1064
363 0.0664
364 0.1129
365 0.0905
366 0.0587
367 0.0458
368 0.0725
369 0.0717
370 0.0608
371 0.0764
372 0.0632
373 0.1014
374 0.1208
375 0.0423
376 0.1383
377 0.0686
378 0.1015
379 0.0729
380 0.0499
381 0.0419
382 0.1157
383 0.2062
384 0.1123
385 0.0474
386 0.0843
387 0.0803
388 0.0464
389 0.0355
390 0.0665
391 0.0930
392 0.0339
393 0.0851
394 0.1834
395 0.0232
396 0.0594
397 0.0490
398 0.0509
399 0.0375
400 0.0471
401 0.1155
402 0.0425
403 0.1064
404 0.0552
405 0.0721
406 0.0445
407 0.0875
408 0.1166
409 0.0640
410 0.0536
411 0.1486
412 0.0593
413 0.1094
414 0.0656
415 0.0998
416 0.0205
417 0.0781
418 0.0545
419 0.1358
420 0.0454
421 0.0586
422 0.0428
423 0.0963
424 0.0250
425 0.0988
426 0.0143
427 0.0377
428 0.0120
429 0.0407
430 0.1694
431 0.0823
432 0.0267
433 0.0468
434 0.0417
435 0.0508
436 0.2453
437 0.0337
438 0.1429
439 0.0769
440 0.1003
441 0.0822
442 0.2250
443 0.1823
444 0.1580
445 0.0491
446 0.0693
447 0.0917
448 0.1078
449 0.0927
450 0.0687
451 0.0568
452 0.0862
453 0.1451
454 0.1299
455 0.1261
456 0.0445
457 0.0647
458 0.0960
459 0.0384
460 0.0522
461 0.1196
462 0.0263
463 0.0999
464 0.1450
465 0.1145
466 0.1141
467 0.0681
468 0.0266
469 0.1141
470 0.0539
471 0.0623
472 0.0767
473 0.0412
474 0.1062
475 0.0634
476 0.0253
477 0.0473
478 0.0655
479 0.0832
480 0.0890
481 0.0297
482 0.0318
483 0.0409
484 0.0394
485 0.1186
486 0.0117
487 0.1215
488 0.0783
489 0.0329
490 0.0447
491 0.1073
492 0.0557
493 0.0503
494 0.0223
495 0.0570
496 0.1119
497 0.0458
498 0.0783
499 0.0361
500 0.0184
501 0.0258
502 0.1205
503 0.0698
504 0.0883
505 0.0565
506 0.0913
507 0.1081
508 0.0146
509 0.0152
510 0.0597
511 0.0618
512 0.0277
513 0.0547
514 0.0468
515 0.0398
516 0.0434
517 0.0218
518 0.0829
519 0.0176
520 0.0535
521 0.0704
522 0.0242
523 0.0288
524 0.0593
525 0.0109
526 0.1018
527 0.0458
528 0.0425
529 0.0587
530 0.0457
531 0.0647
532 0.0810
533 0.0214
534 0.0628
535 0.0214
536 0.0561
537 0.0168
538 0.1728
539 0.0726
540 0.0174
541 0.0688
542 0.1146
543 0.0917
544 0.0320
545 0.0912
546 0.0540
547 0.0720
548 0.0678
549 0.0428
550 0.0657
551 0.0885
552 0.0326
553 0.0533
554 0.0386
555 0.0523
556 0.0717
557 0.1173
558 0.0422
559 0.0282
560 0.1994
561 0.0481
562 0.0702
563 0.1169
564 0.0365
565 0.0858
566 0.0750
567 0.0694
568 0.0604
569 0.1413
570 0.0391
571 0.0609
572 0.0769
573 0.0540
574 0.1345
575 0.0470
576 0.0386
577 0.0746
578 0.1539
579 0.0387
580 0.0486
581 0.0952
582 0.1122
583 0.0513
584 0.0253
585 0.0482
586 0.0376
587 0.1187
588 0.1171
589 0.0414
590 0.0473
591 0.0623
592 0.1602
593 0.0742
594 0.0360
595 0.0775
596 0.0487
597 0.0713
598 0.0507
599 0.0701
600 0.0667
601 0.0636
602 0.0923
603 0.0514
604 0.0645
605 0.0612
606 0.0237
607 0.1194
608 0.1497
609 0.0234
610 0.0727
611 0.0363
612 0.0251
613 0.0856
614 0.0310
615 0.0523
616 0.0483
617 0.0128
618 0.0804
619 0.1089
620 0.0253
621 0.0705
622 0.0634
623 0.0721
624 0.0115
625 0.0646
626 0.0340
627 0.0456
628 0.0743
629 0.0490
630 0.0638
631 0.0794
632 0.0090
633 0.0726
634 0.0320
635 0.0502
636 0.0445
637 0.0425
638 0.0258
639 0.0788
640 0.0284
641 0.0800
642 0.0170
643 0.0258
644 0.0304
645 0.0261
646 0.0299
647 0.0808
648 0.0329
649 0.0141
650 0.0109
651 0.0892
652 0.0082
653 0.0537
654 0.0554
655 0.0664
656 0.0580
657 0.1010
658 0.0703
659 0.0312
660 0.1054
661 0.0438
662 0.0102
663 0.0713
664 0.0403
665 0.0474
666 0.0627
667 0.0439
668 0.0460
669 0.1669
670 0.0453
671 0.0526
672 0.0763
673 0.1244
674 0.0338
675 0.0100
676 0.0235
677 0.0875
678 0.0931
679 0.0114
680 0.0198
681 0.0897
682 0.0845
683 0.0465
684 0.0360
685 0.0740
686 0.0388
687 0.0379
688 0.0984
689 0.0487
690 0.0231
691 0.0713
692 0.0421
693 0.0653
694 0.1664
695 0.0480
696 0.0087
697 0.0459
698 0.0483
699 0.0366
700 0.1581
701 0.0522
702 0.0487
703 0.0667
704 0.0320
705 0.0116
706 0.0306
707 0.0937
708 0.0475
709 0.0433
710 0.0209
711 0.0190
712 0.1396
713 0.0933
714 0.0478
715 0.1058
716 0.0978
717 0.1121
718 0.0680
719 0.0632
720 0.0698
721 0.0852
722 0.0943
723 0.0677
724 0.1006
725 0.0611
726 0.0861
727 0.0281
728 0.0780
729 0.0543
730 0.1593
731 0.0336
732 0.0232
733 0.0829
734 0.0588
735 0.0711
736 0.0579
737 0.0224
738 0.0757
739 0.0436
740 0.0154
741 0.0462
742 0.0368
743 0.0796
744 0.0129
745 0.0421
746 0.0204
747 0.0659
748 0.1386
749 0.0712
750 0.0243
751 0.0165
752 0.0302
753 0.1052
754 0.0725
755 0.0575
756 0.0715
757 0.0457
758 0.1059
759 0.0339
760 0.1127
761 0.0426
762 0.0300
763 0.0266
764 0.0551
765 0.0371
766 0.0615
767 0.1043
768 0.0174
769 0.0158
770 0.0171
771 0.0487
772 0.0297
773 0.0226
774 0.0493
775 0.0717
776 0.0571
777 0.1035
778 0.0763
779 0.0919
780 0.0252
781 0.0372
782 0.0375
783 0.1525
784 0.1578
785 0.0304
786 0.0089
787 0.0392
788 0.0324
789 0.1097
790 0.0188
791 0.0559
792 0.0342
793 0.0352
794 0.0450
795 0.0751
796 0.0664
797 0.0578
798 0.0462
799 0.0437
800 0.0315
801 0.0741
802 0.0394
803 0.0817
804 0.0652
805 0.0364
806 0.0473
807 0.0444
808 0.1339
809 0.1303
810 0.2050
811 0.0548
812 0.0811
813 0.0612
814 0.0450
815 0.0862
816 0.0509
817 0.0239
818 0.0341
819 0.0322
820 0.0564
821 0.0203
822 0.0460
823 0.0736
824 0.1017
825 0.0483
826 0.1012
827 0.0193
828 0.0632
829 0.1109
830 0.0897
831 0.0270
832 0.0304
833 0.0310
834 0.0881
835 0.0331
836 0.0488
837 0.1049
838 0.0311
839 0.0260
840 0.0367
841 0.0816
842 0.1035
843 0.0662
844 0.0549
845 0.1045
846 0.1616
847 0.0429
848 0.0781
849 0.0437
850 0.0345
851 0.0211
852 0.0375
853 0.1766
854 0.0918
855 0.1263
856 0.0475
857 0.0381
858 0.1190
859 0.0444
860 0.0676
861 0.1060
862 0.1210
863 0.0798
864 0.0239
865 0.0130
866 0.0684
867 0.0229
868 0.0277
869 0.0547
870 0.0596
871 0.0119
872 0.0263
873 0.0447
874 0.0525
875 0.0417
876 0.0733
877 0.0572
878 0.0167
879 0.0310
880 0.0350
881 0.0222
882 0.0448
883 0.0291
884 0.1300
885 0.0369
886 0.0638
887 0.1013
888 0.0818
889 0.1099
890 0.0376
891 0.0466
892 0.0873
893 0.0709
894 0.0985
895 0.1014
896 0.0318
897 0.0202
898 0.0669
899 0.0487
900 0.0506
901 0.0691
902 0.0539
903 0.0760
904 0.1070
905 0.0432
906 0.1021
907 0.0741
908 0.1142
909 0.0162
910 0.1263
911 0.0945
912 0.0751
913 0.0229
914 0.0541
915 0.0833
916 0.1385
917 0.0171
918 0.0150
919 0.0325
920 0.1710
921 0.0313
922 0.0506
923 0.0165
924 0.0703
925 0.0891
926 0.0286
927 0.0328
928 0.0854
929 0.0166
930 0.0640
931 0.0782
932 0.0659
933 0.0539
934 0.0295
935 0.0073
936 0.0385
937 0.0487
938 0.0191
