1 2.3390
2 2.2841
3 2.2164
4 2.1356
5 1.9271
6 1.9042
7 1.8626
8 1.7869
9 1.6449
10 1.5117
11 1.5329
12 1.3142
13 1.2292
14 1.0780
15 0.9248
16 0.9619
17 0.8534
18 0.9365
19 0.7892
20 0.7193
21 0.7639
22 0.6452
23 0.6028
24 0.4813
25 0.4318
26 0.5721
27 0.5528
28 0.5330
29 0.5680
30 0.3698
31 0.4171
32 0.4053
33 0.4027
34 0.3722
35 0.3058
36 0.3329
37 0.3897
38 0.3251
39 0.3792
40 0.3410
41 0.3380
42 0.2363
43 0.2447
44 0.3303
45 0.2504
46 0.2212
47 0.2090
48 0.1688
49 0.2879
50 0.1914
51 0.1813
52 0.2224
53 0.2655
54 0.2813
55 0.1789
56 0.2269
57 0.2043
58 0.1936
59 0.3814
60 0.1729
61 0.2520
62 0.3054
63 0.2203
64 0.3053
65 0.1957
66 0.1262
67 0.1907
68 0.2208
69 0.2011
70 0.2845
71 0.2247
72 0.2087
73 0.2357
74 0.2147
75 0.1867
76 0.1534
77 0.1451
78 0.1641
79 0.2032
80 0.2071
81 0.0659
82 0.1408
83 0.1908
84 0.3045
85 0.2173
86 0.2133
87 0.2718
88 0.2046
89 0.0843
90 0.0735
91 0.2168
92 0.1396
93 0.1463
94 0.1488
95 0.1179
96 0.1163
97 0.1025
98 0.2294
99 0.1352
100 0.0904
101 0.1872
102 0.2553
103 0.0890
104 0.1081
105 0.0937
106 0.1340
107 0.2028
108 0.1051
109 0.1247
110 0.0625
111 0.1825
112 0.2114
113 0.1099
114 0.1574
115 0.0926
116 0.3136
117 0.1040
118 0.1715
119 0.1623
120 0.1506
121 0.1134
122 0.1196
123 0.0722
124 0.2275
125 0.2175
126 0.1164
127 0.0678
128 0.1470
129 0.1888
130 0.2018
131 0.0928
132 0.1178
133 0.1792
134 0.1137
135 0.1279
136 0.2112
137 0.1289
138 0.1040
139 0.1780
140 0.0705
141 0.1758
142 0.1572
143 0.1113
144 0.0783
145 0.0840
146 0.1314
147 0.0845
148 0.2333
149 0.1485
150 0.1287
151 0.1174
152 0.0527
153 0.1787
154 0.2418
155 0.1300
156 0.1106
157 0.1083
158 0.1007
159 0.1246
160 0.1590
161 0.0965
162 0.1654
163 0.1102
164 0.0585
165 0.1197
166 0.0940
167 0.1539
168 0.0689
169 0.1473
170 0.0579
171 0.1501
172 0.0729
173 0.0888
174 0.1591
175 0.1828
176 0.0870
177 0.1226
178 0.1415
179 0.1915
180 0.1021
181 0.1837
182 0.0889
183 0.1072
184 0.0757
185 0.1147
186 0.0946
187 0.0860
188 0.1219
189 0.1868
190 0.0422
191 0.0340
192 0.1163
193 0.1143
194 0.0604
195 0.1653
196 0.2249
197 0.2008
198 0.0867
199 0.1138
200 0.1921
201 0.0683
202 0.0743
203 0.0500
204 0.1182
205 0.1742
206 0.1458
207 0.1128
208 0.1099
209 0.1679
210 0.1561
211 0.1215
212 0.0623
213 0.0843
214 0.0885
215 0.1311
216 0.1546
217 0.0660
218 0.0557
219 0.1173
220 0.2177
221 0.0532
222 0.1695
223 0.1002
224 0.0429
225 0.1012
226 0.1007
227 0.0388
228 0.2113
229 0.0791
230 0.0811
231 0.0592
232 0.0274
233 0.1702
234 0.1356
235 0.1616
236 0.0652
237 0.1138
238 0.0902
239 0.0328
240 0.0977
241 0.0570
242 0.1685
243 0.0547
244 0.0371
245 0.1147
246 0.0630
247 0.0232
248 0.0689
249 0.1041
250 0.1009
251 0.1181
252 0.0687
253 0.0776
254 0.1114
255 0.1144
256 0.0558
257 0.1037
258 0.0698
259 0.0623
260 0.0571
261 0.0766
262 0.1115
263 0.1567
264 0.1334
265 0.0824
266 0.0420
267 0.0883
268 0.0918
269 0.0998
270 0.0694
271 0.0711
272 0.1314
273 0.0703
274 0.0480
275 0.0679
276 0.1219
277 0.2733
278 0.0385
279 0.2324
280 0.1073
281 0.2096
282 0.1913
283 0.0396
284 0.0757
285 0.2060
286 0.0778
287 0.1849
288 0.1024
289 0.0533
290 0.0526
291 0.1181
292 0.1510
293 0.0713
294 0.1450
295 0.0763
296 0.0964
297 0.0929
298 0.0458
299 0.0667
300 0.1574
301 0.0982
302 0.0297
303 0.1062
304 0.1340
305 0.0749
306 0.0574
307 0.0871
308 0.0637
309 0.0721
310 0.1294
311 0.0386
312 0.1635
313 0.0579
314 0.0384
315 0.1016
316 0.1055
317 0.0519
318 0.0485
319 0.1030
320 0.0481
321 0.0997
322 0.0540
323 0.1363
324 0.1389
325 0.0437
326 0.1347
327 0.1010
328 0.1102
329 0.0322
330 0.0927
331 0.0721
332 0.0750
333 0.0873
334 0.0464
335 0.0828
336 0.1015
337 0.1728
338 0.1017
339 0.0980
340 0.0418
341 0.0782
342 0.0937
343 0.0389
344 0.1498
345 0.1381
346 0.0810
347 0.0830
348 0.0762
349 0.0549
350 0.1124
351 0.0680
352 0.0959
353 0.0958
354 0.0529
355 0.0568
356 0.0618
357 0.1153
358 0.1041
359 0.0497
360 0.1282
361 0.0557
362 0.0597
363 0.0834
364 0.0797
365 0.1000
366 0.1123
367 0.0435
368 0.0766
369 0.0618
370 0.0572
371 0.1222
372 0.0418
373 0.1314
374 0.1086
375 0.0520
376 0.1118
377 0.0566
378 0.0508
379 0.0620
380 0.0561
381 0.0472
382 0.0892
383 0.1813
384 0.1572
385 0.0502
386 0.0680
387 0.1170
388 0.0695
389 0.0432
390 0.0932
391 0.0830
392 0.0179
393 0.0985
394 0.1814
395 0.0239
396 0.0339
397 0.0466
398 0.0676
399 0.0249
400 0.0321
401 0.1282
402 0.0345
403 0.0740
404 0.0430
405 0.0837
406 0.0454
407 0.0474
408 0.0915
409 0.0847
410 0.0517
411 0.1083
412 0.0674
413 0.0679
414 0.0605
415 0.0867
416 0.0165
417 0.1035
418 0.0847
419 0.0988
420 0.0387
421 0.0489
422 0.0221
423 0.0554
424 0.0375
425 0.0890
426 0.0190
427 0.0211
428 0.0160
429 0.0427
430 0.1217
431 0.0578
432 0.0246
433 0.0692
434 0.0686
435 0.0874
436 0.2510
437 0.0312
438 0.1169
439 0.0525
440 0.1185
441 0.0378
442 0.1632
443 0.1895
444 0.0653
445 0.0979
446 0.0827
447 0.0808
448 0.0924
449 0.0931
450 0.0399
451 0.0418
452 0.0710
453 0.1342
454 0.0926
455 0.1600
456 0.0608
457 0.0283
458 0.0969
459 0.0523
460 0.1510
461 0.0885
462 0.0336
463 0.0473
464 0.0977
465 0.1269
466 0.0514
467 0.0596
468 0.0618
469 0.0915
470 0.0314
471 0.0429
472 0.0751
473 0.0393
474 0.1079
475 0.0663
476 0.0294
477 0.0274
478 0.0679
479 0.0545
480 0.0970
481 0.0778
482 0.0362
483 0.0508
484 0.0290
485 0.0695
486 0.0132
487 0.1409
488 0.1078
489 0.0502
490 0.0368
491 0.0793
492 0.0643
493 0.0273
494 0.0339
495 0.0636
496 0.1236
497 0.0649
498 0.0720
499 0.0417
500 0.0270
501 0.0567
502 0.1384
503 0.1036
504 0.0940
505 0.0507
506 0.1236
507 0.1074
508 0.0129
509 0.0129
510 0.0611
511 0.0974
512 0.0787
513 0.0909
514 0.0746
515 0.0399
516 0.0549
517 0.0866
518 0.0835
519 0.0348
520 0.0392
521 0.0478
522 0.0192
523 0.0254
524 0.0333
525 0.0141
526 0.0845
527 0.0494
528 0.0379
529 0.0817
530 0.0672
531 0.0471
532 0.0152
533 0.0435
534 0.0687
535 0.0424
536 0.0466
537 0.0299
538 0.1838
539 0.0910
540 0.0089
541 0.0435
542 0.0514
543 0.0445
544 0.0439
545 0.1122
546 0.0800
547 0.0788
548 0.0690
549 0.0171
550 0.0769
551 0.0832
552 0.0410
553 0.0279
554 0.0488
555 0.0339
556 0.0804
557 0.1141
558 0.0692
559 0.0471
560 0.2168
561 0.0650
562 0.1037
563 0.0838
564 0.0694
565 0.1175
566 0.0831
567 0.0732
568 0.0535
569 0.0983
570 0.0597
571 0.0783
572 0.0841
573 0.0527
574 0.1009
575 0.0766
576 0.0359
577 0.0975
578 0.1176
579 0.0939
580 0.0735
581 0.0821
582 0.1218
583 0.0308
584 0.0223
585 0.0778
586 0.0629
587 0.0610
588 0.0641
589 0.0567
590 0.0468
591 0.0431
592 0.0515
593 0.0688
594 0.0600
595 0.0659
596 0.0430
597 0.0618
598 0.0230
599 0.0736
600 0.1118
601 0.0419
602 0.0712
603 0.0590
604 0.0817
605 0.0437
606 0.0392
607 0.0521
608 0.1224
609 0.0340
610 0.0954
611 0.0385
612 0.0183
613 0.0866
614 0.0207
615 0.0611
616 0.0565
617 0.0204
618 0.0665
619 0.1055
620 0.0253
621 0.0425
622 0.0484
623 0.0903
624 0.0240
625 0.0522
626 0.0198
627 0.0366
628 0.0387
629 0.0441
630 0.0599
631 0.0870
632 0.0133
633 0.0847
634 0.0129
635 0.0305
636 0.0184
637 0.0477
638 0.0128
639 0.0679
640 0.0172
641 0.0873
642 0.0069
643 0.0190
644 0.0148
645 0.0268
646 0.0359
647 0.0870
648 0.0155
649 0.0145
650 0.0181
651 0.0320
652 0.0124
653 0.0377
654 0.0453
655 0.0419
656 0.1112
657 0.0892
658 0.0485
659 0.0563
660 0.1023
661 0.0884
662 0.0118
663 0.0532
664 0.0235
665 0.0578
666 0.0677
667 0.0473
668 0.0564
669 0.1342
670 0.0481
671 0.0408
672 0.0737
673 0.1121
674 0.0393
675 0.0261
676 0.0599
677 0.0915
678 0.0584
679 0.0084
680 0.0217
681 0.1013
682 0.0983
683 0.0842
684 0.0536
685 0.0694
686 0.0354
687 0.0332
688 0.1304
689 0.0524
690 0.0343
691 0.0818
692 0.0303
693 0.1084
694 0.1735
695 0.0374
696 0.0035
697 0.0482
698 0.0629
699 0.0459
700 0.1312
701 0.0473
702 0.0545
703 0.0480
704 0.0386
705 0.0111
706 0.0379
707 0.0922
708 0.0461
709 0.0443
710 0.0571
711 0.0173
712 0.0816
713 0.0658
714 0.0206
715 0.1171
716 0.0864
717 0.1516
718 0.0615
719 0.0690
720 0.0768
721 0.0485
722 0.0739
723 0.0355
724 0.0577
725 0.0771
726 0.0872
727 0.0212
728 0.0646
729 0.0454
730 0.1403
731 0.0543
732 0.0351
733 0.0544
734 0.0827
735 0.0565
736 0.0220
737 0.0105
738 0.1410
739 0.0697
740 0.0121
741 0.0517
742 0.0222
743 0.0814
744 0.0326
745 0.0690
746 0.0406
747 0.0470
748 0.1241
749 0.0528
750 0.0186
751 0.0144
752 0.0407
753 0.0606
754 0.0701
755 0.0246
756 0.0562
757 0.0107
758 0.0352
759 0.0635
760 0.0716
761 0.0371
762 0.0138
763 0.0198
764 0.0126
765 0.0619
766 0.0336
767 0.0594
768 0.0319
769 0.0197
770 0.0166
771 0.0746
772 0.0667
773 0.0068
774 0.0287
775 0.0529
776 0.0462
777 0.0345
778 0.0586
779 0.1331
780 0.0094
781 0.0605
782 0.0257
783 0.1227
784 0.1178
785 0.0286
786 0.0152
787 0.0816
788 0.0628
789 0.1021
790 0.0286
791 0.0982
792 0.0633
793 0.0623
794 0.0308
795 0.0784
796 0.0647
797 0.0753
798 0.0390
799 0.0435
800 0.0425
801 0.0873
802 0.0379
803 0.1390
804 0.0506
805 0.0189
806 0.0588
807 0.0149
808 0.1467
809 0.0611
810 0.2015
811 0.0791
812 0.0661
813 0.0503
814 0.0234
815 0.0608
816 0.0493
817 0.0209
818 0.0328
819 0.0415
820 0.0599
821 0.0095
822 0.0463
823 0.0614
824 0.0900
825 0.0616
826 0.0797
827 0.0080
828 0.0346
829 0.0697
830 0.0455
831 0.0516
832 0.0241
833 0.0268
834 0.0485
835 0.0496
836 0.0497
837 0.0808
838 0.0250
839 0.0308
840 0.0155
841 0.0716
842 0.0812
843 0.0356
844 0.1259
845 0.0961
846 0.1122
847 0.0459
848 0.1017
849 0.0425
850 0.0469
851 0.0464
852 0.0255
853 0.1335
854 0.0518
855 0.1774
856 0.0654
857 0.0192
858 0.0527
859 0.0439
860 0.0625
861 0.1176
862 0.1456
863 0.0443
864 0.0724
865 0.0367
866 0.0576
867 0.0450
868 0.0310
869 0.0546
870 0.0427
871 0.0224
872 0.0369
873 0.0168
874 0.0507
875 0.0463
876 0.0483
877 0.0731
878 0.0195
879 0.0452
880 0.0609
881 0.0275
882 0.0598
883 0.0199
884 0.1155
885 0.0414
886 0.0326
887 0.0638
888 0.0407
889 0.1235
890 0.0350
891 0.0381
892 0.0541
893 0.0818
894 0.0367
895 0.0677
896 0.0637
897 0.0317
898 0.0741
899 0.0716
900 0.0687
901 0.0695
902 0.0741
903 0.0621
904 0.0369
905 0.0557
906 0.1326
907 0.0872
908 0.0574
909 0.0271
910 0.1346
911 0.0747
912 0.0550
913 0.0215
914 0.0753
915 0.1031
916 0.0790
917 0.0066
918 0.0259
919 0.0736
920 0.1179
921 0.0440
922 0.0362
923 0.0207
924 0.0751
925 0.0526
926 0.0211
927 0.0189
928 0.0778
929 0.0172
930 0.0687
931 0.0693
932 0.0974
933 0.0285
934 0.0218
935 0.0042
936 0.0247
937 0.0333
938 0.0119
