1 2.2266
2 2.5189
3 2.4313
4 3.1443
5 2.0244
6 1.5023
7 2.4709
8 2.4055
9 3.4895
10 3.9844
11 3.4884
12 3.4725
13 2.7588
14 3.9556
15 2.8444
16 2.0746
17 2.6655
18 1.6951
19 2.0947
20 2.7912
21 2.3468
22 2.4932
23 2.4919
24 2.5032
25 2.5231
26 2.6428
27 2.0889
28 1.9299
29 1.8816
30 2.7416
31 2.2264
32 2.7554
33 3.4105
34 2.5554
35 1.8514
36 2.4233
37 2.1439
38 2.6620
39 3.6514
40 2.3226
41 2.4375
42 2.7436
43 2.5093
44 2.0800
45 2.1720
46 2.4876
47 1.7832
48 2.5071
49 2.1415
50 2.3941
51 2.3856
52 2.8650
53 1.8874
54 3.0893
55 1.5398
56 3.3123
57 2.3683
58 1.4159
59 2.7932
60 2.1259
61 2.4662
62 2.9770
63 2.3076
64 1.7461
65 1.7647
66 2.3835
67 2.0306
68 2.5402
69 1.5434
70 2.7514
71 2.5395
72 2.1996
73 2.0250
74 2.4247
75 2.7716
76 1.8718
77 1.7793
78 2.7709
79 2.6860
80 2.7900
81 2.4229
82 2.8490
83 2.8350
84 1.9979
85 2.8112
86 2.4585
87 2.6875
88 2.4971
89 2.7471
90 2.1904
91 2.5272
92 2.2720
93 2.1105
94 1.9525
95 2.4292
96 2.4399
97 2.4571
98 2.1131
99 2.3300
100 2.2335
101 1.9580
102 1.9319
103 2.4792
104 1.9108
105 2.3031
106 2.3501
107 2.5378
108 2.7215
109 2.4503
110 3.0102
111 2.1635
112 2.6436
113 1.9496
114 2.2923
115 2.4093
116 2.7627
117 2.6632
118 2.1393
119 2.6072
120 2.1690
121 2.3734
122 2.0581
123 2.0949
124 2.6215
125 2.1213
126 2.2144
127 1.8906
128 2.4027
129 2.3049
130 2.7335
131 2.5475
132 1.7818
133 2.6224
134 2.5467
135 2.7759
136 2.2544
137 2.0860
138 2.6501
139 2.4851
140 2.1285
141 2.3739
142 2.4460
143 2.5027
144 2.1424
145 2.2856
146 2.2252
147 2.3869
148 2.3051
149 2.4569
150 2.4840
151 2.1939
152 2.2328
153 2.1792
154 2.2035
155 2.1264
156 2.1454
157 2.0319
158 2.1570
159 2.4835
160 2.3046
161 2.4498
162 2.4095
163 2.1366
164 2.0871
165 2.2569
166 2.2004
167 2.0649
168 2.3349
169 1.9651
170 2.2649
171 2.2590
172 2.3320
173 2.4174
174 2.1153
175 2.6262
176 2.1789
177 2.4608
178 2.0775
179 2.3171
180 2.2203
181 2.4095
182 2.4358
183 2.3562
184 2.2338
185 2.0847
186 2.3565
187 1.8928
188 2.1250
189 2.5878
190 2.0527
191 2.5111
192 2.1020
193 2.1793
194 1.7257
195 2.1832
196 2.7706
197 2.3999
198 1.7489
199 2.0353
200 2.2577
201 1.9926
202 1.9247
203 2.1371
204 2.7292
205 2.8449
206 2.2195
207 2.5537
208 2.1911
209 2.2922
210 2.5059
211 2.0446
212 2.1932
213 2.0966
214 2.7425
215 2.5392
216 2.3030
217 2.0925
218 2.3460
219 2.0910
220 2.0009
221 2.3981
222 2.3375
223 2.1614
224 2.1967
225 1.6562
226 2.1148
227 2.0233
228 1.3355
229 2.3752
230 2.3344
231 2.3532
232 2.4088
233 2.6328
234 1.9952
235 1.9802
236 1.8905
237 2.6629
238 2.0836
239 2.2922
240 2.3888
241 2.0078
242 1.2829
243 2.4211
244 2.1905
245 1.6786
246 1.7633
247 2.2413
248 2.0658
249 2.1215
250 3.7011
251 2.7624
252 2.0329
253 1.8020
254 1.3182
255 1.8143
256 2.2779
257 1.5331
258 2.1526
259 2.0094
260 1.4613
261 2.7409
262 1.9724
263 3.2370
264 1.6672
265 2.6547
266 2.5891
267 1.6621
268 2.1022
269 1.9390
270 1.8937
271 0.7835
272 1.7941
273 2.0588
274 1.1779
275 1.2216
276 1.6233
277 1.4850
278 1.8979
279 2.2716
280 2.3389
281 2.2285
282 2.6242
283 1.1003
284 0.1653
285 2.4684
286 1.7202
287 2.0021
288 1.2012
289 2.0237
290 2.2098
291 0.5896
292 2.1233
293 2.0584
294 1.7847
295 1.7925
296 2.6070
297 0.2668
298 1.1087
299 0.7945
300 1.9537
301 0.7506
302 1.6063
303 2.3927
304 1.3925
305 0.2685
306 0.4057
307 2.6733
308 1.5085
309 0.5242
310 0.5906
311 1.0048
312 0.6029
313 2.6782
314 1.4978
315 1.5969
316 2.5106
317 1.3641
318 1.3280
319 2.4630
320 1.1485
321 1.4302
322 2.7285
323 0.9641
324 1.8170
325 2.1390
326 1.2594
327 0.4650
328 2.6387
329 0.5488
330 1.1265
331 1.0965
332 1.9454
333 2.6399
334 0.8417
335 2.0648
336 2.3732
337 1.8094
338 0.9336
339 1.0098
340 1.2561
341 1.4131
342 1.5093
343 2.0223
344 2.2412
345 1.2773
346 1.2702
347 1.2241
348 1.4508
349 1.8984
350 1.1137
351 2.2176
352 1.2659
353 0.5251
354 1.5614
355 1.7235
356 0.9345
357 0.8601
358 1.5024
359 1.1292
360 2.5481
361 1.2166
362 1.0081
363 1.6993
364 1.5423
365 0.5880
366 2.6999
367 3.0348
368 1.9959
369 2.9189
370 1.1298
371 3.5465
372 1.6659
373 1.3309
374 1.0885
375 2.7838
376 2.4020
377 1.5456
378 2.5928
379 1.8790
380 2.0397
381 1.9359
382 3.0302
383 1.7431
384 1.7318
385 1.3993
386 0.5401
387 0.9422
388 2.0976
389 1.2402
390 2.0340
391 1.4376
392 2.0808
393 1.7212
394 2.0038
395 1.0305
396 1.2411
397 1.3140
398 2.2486
399 1.2711
400 0.9724
401 1.0497
402 1.3329
403 0.9437
404 0.7488
405 0.3999
406 1.1912
407 1.6945
408 1.4387
409 1.9551
410 0.6640
411 0.7010
412 3.1174
413 0.6251
414 1.1006
415 0.9452
416 1.8121
417 0.2645
418 0.9596
419 0.9908
420 1.4531
421 1.4505
422 1.9797
423 0.7462
424 1.9409
425 1.9166
426 1.3372
427 1.4090
428 1.8277
429 1.9611
430 2.3067
431 1.1608
432 0.7374
433 0.4241
434 0.7784
435 3.5623
436 3.3193
437 2.2371
438 1.9983
439 1.1355
440 0.8123
441 1.1805
442 0.9624
443 0.5460
444 1.1689
445 0.6281
446 1.5848
447 2.1659
448 0.6704
449 1.1801
450 0.8810
451 1.0098
452 0.9475
453 2.0297
454 0.3775
455 1.1138
456 0.6104
457 2.3423
458 0.7355
459 0.1635
460 0.6815
461 1.8239
462 1.1939
463 2.9409
464 1.7435
465 0.6906
466 0.8602
467 1.1039
468 0.7161
469 2.1523
470 0.8257
471 2.0029
472 0.6119
473 0.6808
474 2.3955
475 2.5564
476 1.2895
477 0.9835
478 1.9228
479 0.4335
480 0.9450
481 0.4573
482 1.1483
483 0.6440
484 0.8387
485 0.5834
486 2.3621
487 0.1134
488 2.0222
489 1.0736
490 1.4790
491 0.4918
492 0.5016
493 1.4558
494 0.6430
495 1.4179
496 1.3668
497 0.9327
498 1.6976
499 1.6580
500 0.8504
501 0.1252
502 0.5826
503 0.3040
504 1.6387
505 1.8514
506 0.5082
507 0.9989
508 0.8091
509 1.4697
510 0.8128
511 1.3796
512 0.1805
513 3.3670
514 1.6236
515 2.1916
516 0.8763
517 0.2108
518 0.7535
519 1.3727
520 1.8356
521 0.9740
522 0.4318
523 1.8656
524 0.7309
525 2.4599
526 0.5597
527 2.2739
528 2.8257
529 0.3297
530 3.2202
531 0.6502
532 0.5807
533 0.8892
534 0.4814
535 1.5779
536 0.8608
537 1.1198
538 0.4300
539 0.8448
540 1.1680
541 0.5863
542 0.7425
543 0.6109
544 0.5709
545 0.1563
546 0.9724
547 0.8210
548 1.6380
549 0.2142
550 1.9607
551 0.8124
552 1.9179
553 3.8621
554 1.9135
555 2.0518
556 1.9487
557 0.4352
558 1.5870
559 1.6486
560 0.1498
561 1.0443
562 0.5046
563 1.7484
564 0.5975
565 1.5514
566 0.6833
567 1.4059
568 0.6790
569 0.9325
570 1.3576
571 0.6694
572 1.2298
573 2.1094
574 2.3773
575 0.2021
576 1.0204
577 0.6522
578 1.7397
579 0.6425
580 1.5254
581 1.8906
582 2.0766
583 2.6311
584 0.5986
585 1.0103
586 0.9771
587 0.4070
588 0.9343
589 3.0682
590 0.1307
591 0.6764
592 1.0267
593 0.6806
594 1.3969
595 0.3556
596 2.0574
597 2.3054
598 0.7167
599 1.0621
600 0.8958
601 2.0261
602 1.2668
603 0.6224
604 0.3725
605 0.4092
606 1.0146
607 0.9888
608 0.8496
609 1.2763
610 0.2997
611 0.3084
612 1.8180
613 0.5568
614 0.8368
615 0.5289
616 2.9966
617 3.1728
618 0.6500
619 0.3487
620 1.5774
621 0.5246
622 0.7857
623 0.0998
624 0.0018
625 1.2840
626 1.3051
627 1.2558
628 0.4420
629 1.3444
630 0.5713
631 1.6944
632 0.0645
633 0.3831
634 1.3766
635 2.2215
636 0.8162
637 1.5479
638 0.2806
639 0.0629
640 2.3289
641 0.4596
642 1.3432
643 0.7388
644 1.7144
645 0.5664
646 0.7034
647 1.5835
648 0.3460
649 1.7990
650 1.4451
651 0.6838
652 0.9045
653 0.4412
654 1.0458
655 0.2644
656 1.0358
657 0.9331
658 0.3533
659 1.3687
660 0.9657
661 0.3554
662 0.9154
663 0.9752
664 0.3389
665 1.2990
666 2.0629
667 0.6979
668 0.2567
669 0.6273
670 1.3146
671 0.1986
672 0.6883
673 0.2989
674 0.3872
675 0.0405
676 0.6012
677 1.3056
678 0.7631
679 0.6117
680 0.3607
681 0.8064
682 1.9998
683 0.9601
684 0.9913
685 1.5682
686 1.6674
687 1.1906
688 0.4390
689 0.5690
690 0.0610
691 1.2939
692 4.0349
693 1.2761
694 0.2259
695 0.5154
696 1.7729
697 1.7884
698 0.9207
699 0.6173
700 0.0556
701 0.8652
702 1.4283
703 0.2920
704 1.4313
705 0.1427
706 0.5910
707 0.0011
708 0.9796
709 1.4974
710 0.1665
711 0.6973
712 1.2127
713 0.8767
714 0.9243
715 0.3182
716 0.9626
717 0.1206
718 1.7861
719 0.1713
720 0.5039
721 0.5323
722 1.1624
723 0.7143
724 1.1021
725 0.0828
726 0.6195
727 0.7907
728 0.0641
729 2.2638
730 1.5536
731 1.1228
732 0.0988
733 0.6095
734 1.2719
735 0.3162
736 0.2113
737 0.3500
738 0.0138
739 0.7043
740 0.0499
741 0.6472
742 0.5339
743 0.0511
744 0.6156
745 1.7213
746 0.7371
747 0.5628
748 0.3969
749 0.3106
750 3.4134
751 2.3547
752 1.8239
753 1.0426
754 1.2630
755 1.0434
756 0.2631
757 0.5946
758 0.4036
759 0.6331
760 0.3876
761 2.6465
762 0.0465
763 0.6082
764 0.6732
765 0.3026
766 0.2033
767 0.2096
768 0.2118
769 0.2200
770 0.0795
771 0.4971
772 0.2625
773 1.6905
774 0.2847
775 0.4253
776 0.5356
777 0.3636
778 0.4886
779 0.2379
780 1.0035
781 0.0195
782 0.4016
783 2.4706
784 0.4858
785 1.2441
786 0.4810
787 0.4792
788 1.2943
789 1.0691
790 0.4164
791 0.6115
792 1.2960
793 1.5200
794 0.2363
795 0.0259
796 0.3918
797 0.5279
798 1.1897
799 2.5508
800 1.2378
801 0.1116
802 0.5703
803 0.3197
804 0.6879
805 0.8201
806 1.9570
807 0.0639
808 0.4299
809 0.2799
810 0.5895
811 0.0068
812 2.1774
813 3.5754
814 0.0363
815 0.2361
816 2.3817
817 0.3171
818 1.0711
819 1.3362
820 0.5388
821 1.0169
822 1.3980
823 1.3967
824 0.5356
825 0.4637
826 0.3356
827 0.1649
828 0.8166
829 0.5123
830 0.4074
831 1.9875
832 0.0001
833 0.3831
834 0.4917
835 0.2212
836 0.1381
837 0.1532
838 0.0024
839 1.5368
840 0.0546
841 0.8407
842 0.8164
843 0.2675
844 0.2025
845 1.2064
846 0.3317
847 0.1972
848 0.3838
849 0.0084
850 0.8138
851 0.4289
852 0.2045
853 1.8594
854 0.6040
855 0.3208
856 0.4533
857 1.9484
858 0.3497
859 0.0020
860 0.4378
861 1.1391
862 0.5763
863 0.1766
864 0.9251
865 0.4118
866 0.3779
867 0.0767
868 0.3517
869 0.5199
870 0.4185
871 0.2891
872 0.2261
873 1.1584
874 0.3419
875 1.1654
876 0.0692
877 0.6177
878 0.4557
879 0.8230
880 0.3357
881 0.0970
882 0.3620
883 0.7094
884 0.2396
885 2.6578
886 0.7302
887 0.2700
888 0.8636
889 1.6861
890 0.0059
891 0.0492
892 1.0094
893 1.1776
894 0.5747
895 1.8414
896 0.4165
897 3.7519
898 0.0716
899 0.4023
900 0.3980
901 0.5320
902 0.3334
903 0.1943
904 0.0531
905 0.4107
906 0.0724
907 0.2323
908 0.1355
909 0.4797
910 0.8642
911 1.5009
912 1.1121
913 1.3792
914 0.5404
915 1.8125
916 0.0447
917 0.1875
918 0.6296
919 0.5073
920 0.8734
921 0.8538
922 0.2140
923 0.0810
924 0.1370
925 0.8006
926 1.2797
927 0.7758
928 0.0876
929 1.1032
930 0.4213
931 0.3205
932 0.3916
933 0.1451
934 0.0279
935 0.1026
936 0.1466
937 3.2215
938 0.0439
939 1.4018
940 0.5557
941 0.6580
942 0.0047
943 0.0680
944 0.0184
945 0.0036
946 0.0086
947 1.1518
948 3.5046
949 0.0000
950 1.2714
951 0.8414
952 1.4191
953 0.0155
954 0.0370
955 0.3587
956 0.1030
957 1.1703
958 0.2985
959 1.4264
960 0.8404
961 0.6346
962 1.7265
963 0.8490
964 1.6431
965 0.6013
966 0.1392
967 2.3764
968 0.9751
969 0.4779
970 0.1500
971 0.9193
972 0.2608
973 0.6604
974 0.2092
975 0.0131
976 1.8398
977 0.2298
978 1.0184
979 0.0197
980 0.9448
981 0.4760
982 0.0247
983 0.2494
984 0.4052
985 0.6167
986 0.0073
987 0.0994
988 1.4858
989 2.2493
990 0.3245
991 0.9383
992 0.0007
993 0.2105
994 0.7200
995 0.0140
996 0.4861
997 1.1945
998 2.8814
999 0.9843
1000 0.4220
1001 0.2622
1002 1.1847
1003 0.2425
1004 0.0416
1005 0.7173
1006 0.4215
1007 1.4536
1008 0.6714
1009 0.9839
1010 2.4502
1011 0.5953
1012 0.3907
1013 0.7080
1014 0.2553
1015 0.6164
1016 0.4647
1017 0.0179
1018 0.0555
1019 1.3095
1020 0.0930
1021 1.0371
1022 2.4261
1023 2.8010
1024 1.4695
1025 0.6132
1026 0.6277
1027 0.7167
1028 1.4360
1029 0.0225
1030 0.0517
1031 0.8985
1032 1.0752
1033 0.1180
1034 0.0732
1035 0.3479
1036 0.2430
1037 0.8282
1038 0.1548
1039 0.0320
1040 1.0869
1041 0.0777
1042 0.1953
1043 1.0319
1044 0.0952
1045 0.6262
1046 0.1176
1047 0.2053
1048 1.0640
1049 0.4255
1050 0.0150
1051 0.0038
1052 0.5189
1053 2.1994
1054 0.2835
1055 0.3855
1056 1.2277
1057 1.7717
1058 0.0523
1059 0.3921
1060 0.1782
1061 1.5604
1062 0.8245
1063 0.1526
1064 0.0570
1065 0.0051
1066 0.8494
1067 0.7243
1068 2.3679
1069 0.5725
1070 0.2751
1071 0.0635
1072 2.0972
1073 1.1740
1074 0.2904
1075 0.3101
1076 1.5416
1077 0.0031
1078 0.9455
1079 0.5140
1080 0.2447
1081 0.1334
1082 2.1373
1083 0.2927
1084 1.5375
1085 0.1144
1086 0.3095
1087 2.5010
1088 2.0957
1089 0.3081
1090 1.5922
1091 1.4225
1092 0.3327
1093 0.4019
1094 0.5756
1095 0.9170
1096 0.3585
1097 0.7432
1098 0.6856
1099 0.4966
1100 0.7406
1101 0.2259
1102 0.3769
1103 1.5419
1104 1.8298
1105 0.5900
1106 2.7883
1107 0.0108
1108 0.0934
1109 0.0060
1110 2.4642
1111 0.5144
1112 0.2556
1113 0.1496
1114 0.3295
1115 0.0539
1116 0.0054
1117 0.0339
1118 0.8801
1119 2.4175
1120 1.0685
1121 0.1061
1122 0.4238
1123 0.1660
1124 0.0237
1125 0.3659
1126 0.2423
1127 1.5389
1128 0.0235
1129 0.3833
1130 0.0836
1131 0.7247
1132 0.8125
1133 1.7746
1134 0.2174
1135 1.2763
1136 0.8203
1137 0.4602
1138 1.7175
1139 0.4299
1140 1.4910
1141 0.1319
1142 1.3628
1143 0.0213
1144 0.3692
1145 0.3653
1146 1.7527
1147 0.2666
1148 0.5697
1149 0.5374
1150 0.9829
1151 0.3749
1152 0.0715
1153 0.7117
1154 0.6542
1155 0.0367
1156 0.1154
1157 1.1649
1158 0.0269
1159 0.7468
1160 0.2007
1161 0.0348
1162 0.2742
1163 0.0247
1164 1.2368
1165 4.7249
1166 0.0277
1167 0.1982
1168 0.0124
1169 0.7796
1170 2.4943
1171 0.1478
1172 1.9262
1173 0.0005
1174 2.6875
1175 2.7988
1176 0.3622
1177 1.4096
1178 0.8916
1179 0.0214
1180 0.0432
1181 0.0157
1182 0.0965
1183 0.3512
1184 0.2176
1185 0.1067
1186 0.9119
1187 0.0425
1188 0.0561
1189 1.2048
1190 0.0375
1191 2.8688
1192 2.6906
1193 0.0065
1194 0.2832
1195 0.5130
1196 0.7474
1197 1.1124
1198 1.2711
1199 1.1366
1200 0.9081
1201 0.3357
1202 0.6256
1203 1.4179
1204 0.4299
1205 2.3368
1206 0.3983
1207 1.0436
1208 0.5697
1209 2.1168
1210 0.3083
1211 0.3549
1212 0.3824
1213 0.1494
1214 0.0045
1215 1.7061
1216 0.4812
1217 0.7178
1218 0.7039
1219 0.7562
1220 0.7558
1221 0.7520
1222 0.8374
1223 0.7590
1224 0.5449
1225 0.2122
1226 0.2541
1227 0.1868
1228 0.2066
1229 0.0739
1230 0.3378
1231 0.4883
1232 0.6955
1233 0.0654
1234 0.0013
1235 0.0031
1236 0.0487
1237 0.0055
1238 0.7233
1239 0.9641
1240 0.7567
1241 1.9101
1242 0.1565
1243 0.8244
1244 0.0190
1245 0.1053
1246 0.5525
1247 1.6631
1248 0.2056
1249 1.1771
1250 0.1257
1251 0.1768
1252 1.1840
1253 0.4087
1254 0.1900
1255 1.6404
1256 0.2920
1257 0.1066
1258 0.0930
1259 1.1049
1260 0.6654
1261 0.0936
1262 1.0704
1263 1.3245
1264 1.4852
1265 0.0309
1266 0.3238
1267 0.3761
1268 0.0155
1269 0.0141
1270 0.5838
1271 0.3500
1272 0.1171
1273 0.1102
1274 0.1596
1275 1.1318
1276 0.0059
1277 0.1477
1278 0.2852
1279 0.6217
1280 0.1428
1281 0.0395
1282 0.0738
1283 0.0923
1284 0.1144
1285 0.1185
1286 0.0606
1287 0.0004
1288 0.2586
1289 0.3241
1290 0.4689
1291 1.3823
1292 0.4362
1293 1.2321
1294 1.9368
1295 0.0247
1296 0.3696
1297 0.0201
1298 0.0883
1299 0.2325
1300 0.5059
1301 0.0019
1302 0.4342
1303 0.8685
1304 0.0464
1305 0.1764
1306 1.2282
1307 0.0092
1308 2.1021
1309 0.2614
1310 0.3557
1311 0.1353
1312 0.0082
1313 1.7828
1314 0.0009
1315 3.1935
1316 0.1767
1317 1.3147
1318 2.4050
1319 0.0374
1320 1.0196
1321 1.1863
1322 0.4990
1323 2.1659
1324 1.3245
1325 0.0444
1326 0.2272
1327 0.0221
1328 0.0687
1329 0.0246
1330 2.2818
1331 1.9533
1332 0.2209
1333 0.1633
1334 0.1916
1335 1.1772
1336 0.2788
1337 1.2166
1338 0.3043
1339 0.3566
1340 0.5321
1341 0.8925
1342 0.9143
1343 0.0411
1344 0.0675
1345 0.0080
1346 0.0397
1347 0.2942
1348 1.7202
1349 0.0026
1350 0.0549
1351 0.9812
1352 0.3816
1353 0.4325
1354 0.0164
1355 0.0110
1356 0.1497
1357 0.2316
1358 1.8582
1359 1.5496
1360 1.0175
1361 0.3480
1362 0.3354
1363 2.6256
1364 0.0713
1365 0.1295
1366 0.1195
1367 0.0484
1368 1.2318
1369 0.0474
1370 0.6871
1371 0.5026
1372 0.5408
1373 2.0985
1374 0.1792
1375 0.8702
1376 0.6460
1377 0.0002
1378 1.7261
1379 0.0157
1380 0.8675
1381 1.0485
1382 0.6873
1383 0.0368
1384 0.0318
1385 0.5063
1386 0.4474
1387 0.8334
1388 0.4224
1389 0.0283
1390 0.1302
1391 0.3251
1392 0.9197
1393 0.0214
1394 1.0546
1395 0.5119
1396 0.0062
1397 0.5972
1398 0.0292
1399 0.4638
1400 0.0487
1401 0.8944
1402 0.0444
1403 0.5942
1404 0.0006
1405 0.1081
1406 0.0079
1407 0.0705
1408 1.1045
1409 0.0387
1410 0.0926
1411 0.0785
1412 0.1463
1413 0.0334
1414 0.5153
1415 0.1354
1416 0.0934
1417 0.2293
1418 0.0886
1419 0.9156
1420 0.0057
1421 0.1544
1422 2.3340
1423 0.1924
1424 1.9654
1425 0.0553
1426 0.1968
1427 0.0867
1428 0.7205
1429 0.0187
1430 0.3046
1431 2.0211
1432 0.1533
1433 0.0629
1434 0.0245
1435 1.0515
1436 0.8680
1437 0.4317
1438 0.7461
1439 0.6583
1440 0.0856
1441 0.4988
1442 0.0658
1443 1.4182
1444 0.0504
1445 0.1262
1446 0.1235
1447 0.0054
1448 0.4771
1449 1.3403
1450 2.1547
1451 0.0251
1452 0.5307
1453 0.0920
1454 0.3161
1455 0.3685
1456 0.2323
1457 0.5255
1458 0.3119
1459 1.7145
1460 0.0075
1461 0.0069
1462 2.7755
1463 0.4200
1464 1.0565
1465 0.6330
1466 0.1941
1467 1.0701
1468 0.0387
1469 0.3221
1470 0.0142
1471 0.0219
1472 0.6122
1473 0.5208
1474 0.3819
1475 1.2457
1476 1.4930
1477 0.5911
1478 4.6047
1479 0.0263
1480 0.0186
1481 0.0348
1482 2.2143
1483 0.8538
1484 0.1059
1485 1.5067
1486 0.7499
1487 0.5807
1488 0.0280
1489 0.2516
1490 0.9230
1491 1.2582
1492 0.0018
1493 0.0003
1494 1.0089
1495 0.4379
1496 0.6130
1497 0.3582
1498 0.5656
1499 0.1171
1500 0.0283
1501 0.4993
1502 0.3990
1503 0.4497
1504 0.0288
1505 0.4523
1506 0.0168
1507 0.7544
1508 0.0332
1509 0.0077
1510 0.8355
1511 0.2235
1512 0.1622
1513 0.3470
1514 0.3512
1515 0.0031
1516 0.1217
1517 1.4320
1518 0.1306
1519 0.9040
1520 0.2541
1521 0.5379
1522 0.2345
1523 0.0139
1524 0.1552
1525 0.0182
1526 0.2759
1527 0.9478
1528 0.0008
1529 0.0190
1530 0.1923
1531 1.1521
1532 0.0745
1533 0.0136
1534 0.3166
1535 0.8954
1536 0.1186
1537 0.0529
1538 0.0105
1539 0.0181
1540 0.0381
1541 0.0891
1542 0.0258
1543 0.0049
1544 1.4668
1545 0.4377
1546 0.0004
1547 0.7256
1548 0.8040
1549 0.6815
1550 0.9311
1551 2.9217
1552 0.0018
1553 0.4994
1554 0.0088
1555 0.0322
1556 0.0362
1557 0.4249
1558 0.1572
1559 0.1226
1560 2.6492
1561 0.0427
1562 1.0779
1563 0.0617
1564 0.7216
1565 0.3389
1566 1.2804
1567 0.2611
1568 0.0754
1569 0.0261
1570 0.5993
1571 0.7198
1572 2.2284
1573 0.7404
1574 0.3813
1575 0.0675
1576 0.2038
1577 0.0559
1578 0.2807
1579 0.0259
1580 0.2170
1581 1.3342
1582 1.5018
1583 0.0622
1584 0.5528
1585 0.5258
1586 0.6636
1587 1.4291
1588 0.1057
1589 0.4138
1590 0.4833
1591 0.5033
1592 0.0173
1593 0.7287
1594 0.1101
1595 0.5359
1596 0.0073
1597 0.0323
1598 0.0265
1599 0.0605
1600 0.0065
1601 0.3336
1602 3.1346
1603 0.4394
1604 0.8107
1605 0.0742
1606 0.0234
1607 1.6606
1608 0.0080
1609 0.0921
1610 0.0232
1611 0.0841
1612 0.0223
1613 1.4109
1614 0.7109
1615 0.6727
1616 0.2570
1617 0.0195
1618 0.0384
1619 0.0106
1620 0.0378
1621 0.0035
1622 0.2394
1623 0.2990
1624 0.0082
1625 0.0017
1626 0.6126
1627 0.2091
1628 0.7572
1629 0.1357
1630 0.0665
1631 0.0628
1632 0.5633
1633 0.0430
1634 0.9476
1635 0.0697
1636 0.0116
1637 0.5043
1638 0.0354
1639 0.0542
1640 0.0858
1641 0.0997
1642 1.1398
1643 0.0103
1644 0.8050
1645 1.2215
1646 0.7201
1647 0.3136
1648 0.0989
1649 0.4544
1650 0.0950
1651 0.2312
1652 0.0024
1653 0.6671
1654 1.1434
1655 0.2649
1656 0.7957
1657 0.1042
1658 0.0159
1659 0.0979
1660 1.3864
1661 0.1183
1662 0.8524
1663 0.2906
1664 0.0150
1665 2.6963
1666 0.2909
1667 0.0149
1668 1.2875
1669 0.0828
1670 0.8559
1671 0.3672
1672 1.0410
1673 0.5375
1674 0.1132
1675 0.1734
1676 0.7516
1677 0.0822
1678 0.0285
1679 2.1472
1680 1.2279
1681 0.3266
1682 0.0013
1683 0.0188
1684 0.1267
1685 0.2433
1686 0.6929
1687 0.9408
1688 0.9191
1689 0.0348
1690 0.2528
1691 0.5144
1692 0.5587
1693 1.6669
1694 0.7155
1695 0.3660
1696 0.1011
1697 1.0551
1698 0.1545
1699 0.0170
1700 2.0614
1701 0.0286
1702 0.0195
1703 0.0477
1704 0.0500
1705 0.1206
1706 0.4044
1707 1.4545
1708 0.0153
1709 0.6146
1710 0.1476
1711 0.1203
1712 0.2753
1713 0.2718
1714 0.4036
1715 0.5127
1716 0.9839
1717 0.1764
1718 0.8031
1719 2.5342
1720 0.0681
1721 1.9160
1722 0.1152
1723 0.6964
1724 1.1409
1725 0.1926
1726 0.0903
1727 0.5687
1728 0.4230
1729 2.2100
1730 0.6490
1731 0.0244
1732 0.0599
1733 0.3200
1734 1.5963
1735 0.0184
1736 0.0279
1737 0.0601
1738 0.2086
1739 0.6610
1740 0.1379
1741 0.0026
1742 0.1711
1743 0.0804
1744 0.0517
1745 0.2098
1746 1.5301
1747 0.5387
1748 0.0292
1749 0.4562
1750 3.1691
1751 0.0026
1752 0.2400
1753 1.8456
1754 0.0560
1755 1.1685
1756 0.0257
1757 0.3922
1758 0.0271
1759 2.1190
1760 0.4280
1761 0.1194
1762 1.2496
1763 0.0300
1764 0.2005
1765 0.0284
1766 4.0477
1767 0.6561
1768 0.0665
1769 0.7903
1770 0.1280
1771 0.7386
1772 0.5277
1773 0.1070
1774 0.1895
1775 0.0708
1776 0.8263
1777 0.0035
1778 0.0034
1779 0.3635
1780 0.3976
1781 0.9560
1782 0.1100
1783 0.4174
1784 0.0039
1785 0.0019
1786 0.1091
1787 0.5486
1788 0.0616
1789 0.0543
1790 0.2020
1791 0.3015
1792 0.0161
1793 2.9628
1794 0.0826
1795 0.1877
1796 0.3988
1797 0.0809
1798 0.3614
1799 0.1175
1800 0.4543
1801 0.0077
1802 0.1424
1803 0.2276
1804 0.0227
1805 0.0011
1806 0.0496
1807 0.0021
1808 0.0941
1809 0.2896
1810 0.6418
1811 0.0069
1812 0.0068
1813 0.0134
1814 0.0343
1815 0.0202
1816 0.8765
1817 0.3735
1818 1.1038
1819 1.8582
1820 0.1397
1821 0.4557
1822 0.0408
1823 0.7124
1824 0.5447
1825 0.2657
1826 0.0012
1827 1.2793
1828 0.0984
1829 0.7245
1830 1.2975
1831 2.8897
1832 4.2346
1833 0.4064
1834 0.1370
1835 0.2161
1836 1.7485
1837 0.0195
1838 0.0585
1839 0.0874
1840 0.4306
1841 0.0587
1842 0.5390
1843 0.1249
1844 0.0043
1845 0.0435
1846 0.1279
1847 0.2645
1848 4.6331
1849 0.6796
1850 0.6337
1851 0.0361
1852 0.3910
1853 0.9389
1854 0.6335
1855 1.5892
1856 1.1116
1857 1.2689
1858 3.2202
1859 0.0167
1860 0.1274
1861 0.3983
1862 0.1334
1863 0.3636
1864 0.1189
1865 0.9173
1866 0.0910
1867 2.0717
1868 1.4310
1869 0.2143
1870 0.3864
1871 0.1475
1872 0.0608
1873 0.3070
1874 0.4075
1875 0.2272
1876 0.7295
1877 0.6769
1878 0.2002
1879 0.4083
1880 0.1342
1881 0.3854
1882 0.3263
1883 0.0235
1884 0.6797
1885 0.3317
1886 0.2289
1887 0.9440
1888 2.1530
1889 0.5716
1890 0.1817
1891 0.4329
1892 0.1073
1893 0.1990
1894 0.0579
1895 0.2739
1896 0.0146
1897 0.2537
1898 0.0159
1899 0.9344
1900 2.2269
1901 0.0429
1902 0.5225
1903 0.3695
1904 0.1344
1905 0.2558
1906 1.7527
1907 0.7928
1908 0.1555
1909 0.5832
1910 0.0246
1911 0.4782
1912 0.0443
1913 0.2365
1914 0.2274
1915 0.0930
1916 0.0841
1917 0.1997
1918 0.6813
1919 0.9565
1920 0.4622
1921 0.8155
1922 0.0776
1923 0.2026
1924 0.0055
1925 0.0048
1926 0.1329
1927 0.0124
1928 0.1724
1929 0.2687
1930 0.4995
1931 0.0165
1932 3.1924
1933 0.3203
1934 0.0264
1935 0.0069
1936 0.1691
1937 0.0078
1938 0.6714
1939 0.0879
1940 0.3782
1941 0.1047
1942 1.0097
1943 0.4000
1944 2.7000
1945 0.0233
1946 0.0112
1947 0.0236
1948 1.1241
1949 0.0520
1950 0.0753
1951 1.2677
1952 0.0628
1953 0.0552
1954 2.5051
1955 0.1722
1956 0.2812
1957 0.1217
1958 0.1325
1959 0.0406
1960 0.0568
1961 0.9198
1962 0.3805
1963 0.0348
1964 0.7387
1965 0.0106
1966 0.1457
1967 5.8116
1968 0.3877
1969 0.4852
1970 0.0080
1971 0.3875
1972 0.1108
1973 0.0603
1974 0.6815
1975 0.1906
1976 0.3317
1977 0.0907
1978 1.6493
1979 0.1687
1980 1.2402
1981 0.0392
1982 0.1280
1983 0.2118
1984 1.6862
1985 0.0268
1986 0.7191
1987 0.1150
1988 0.3521
1989 1.3854
1990 1.3112
1991 0.0739
1992 0.0005
1993 0.1270
1994 1.2116
1995 0.3844
1996 0.0116
1997 0.3731
1998 0.0135
1999 0.6144
2000 0.0501
2001 1.8176
2002 0.0039
2003 0.1719
2004 0.0737
2005 0.1351
2006 0.3303
2007 0.4553
2008 0.0043
2009 0.0207
2010 0.1109
2011 0.1226
2012 0.9925
2013 0.0347
2014 0.0610
2015 0.8439
2016 0.2354
2017 0.0112
2018 1.8286
2019 0.1616
2020 0.0146
2021 0.0361
2022 0.0237
2023 0.4001
2024 2.9345
2025 1.0766
2026 0.0706
2027 0.0242
2028 0.1742
2029 0.2553
2030 0.2827
2031 0.0082
2032 0.0639
2033 0.0314
2034 0.1567
2035 0.0567
2036 0.1105
2037 0.0003
2038 0.0577
2039 0.3618
2040 1.2486
2041 0.0111
2042 0.7927
2043 0.5122
2044 0.0055
2045 1.3838
2046 0.8283
2047 1.2750
2048 0.1267
2049 0.1940
2050 0.0021
2051 0.7422
2052 0.4995
2053 0.0138
2054 0.2520
2055 0.6681
2056 0.2331
2057 0.0990
2058 0.0467
2059 0.1768
2060 0.1055
2061 0.0658
2062 0.3061
2063 0.1259
2064 0.4808
2065 1.2380
2066 0.2216
2067 1.2003
2068 0.4740
2069 0.0046
2070 0.0805
2071 0.1515
2072 0.4805
2073 0.0333
2074 0.1122
2075 0.0728
2076 1.5569
2077 0.0473
2078 0.0340
2079 0.0019
2080 1.0857
2081 0.0018
2082 0.1371
2083 0.0003
2084 0.2071
2085 2.9086
2086 1.8986
2087 2.4063
2088 0.0114
2089 1.9626
2090 0.1841
2091 0.0220
2092 0.3802
2093 0.5802
2094 0.0159
2095 0.0095
2096 0.1247
2097 0.2352
2098 1.1146
2099 0.0913
2100 0.7107
2101 0.0174
2102 0.4491
2103 0.0148
2104 1.2026
2105 0.6413
2106 0.3533
2107 0.0022
2108 0.5838
2109 0.2370
2110 0.0180
2111 0.8693
2112 0.0133
2113 0.1814
2114 0.0779
2115 0.3011
2116 0.1871
2117 1.2340
2118 0.0016
2119 0.2061
2120 0.0014
2121 0.3014
2122 1.2584
2123 0.0018
2124 0.4516
2125 0.2510
2126 0.0224
2127 0.0071
2128 0.0121
2129 0.1721
2130 0.0846
2131 0.0253
2132 0.2521
2133 0.1720
2134 0.0212
2135 0.5791
2136 0.0675
2137 0.0410
2138 0.0130
2139 0.6224
2140 0.1124
2141 0.0286
2142 1.4659
2143 1.6034
2144 0.0125
2145 0.0218
2146 0.0403
2147 0.2656
2148 0.0277
2149 0.0500
2150 0.5014
2151 0.0349
2152 0.3450
2153 0.8207
2154 0.0117
2155 0.0056
2156 0.3142
2157 0.0763
2158 0.3884
2159 0.0935
2160 0.6126
2161 0.8331
2162 0.0099
2163 1.3366
2164 0.2557
2165 0.8036
2166 1.4344
2167 0.1621
2168 0.1118
2169 2.1008
2170 0.1056
2171 0.0001
2172 0.2646
2173 0.6235
2174 0.0027
2175 1.4100
2176 3.3297
2177 0.2717
2178 0.0872
2179 0.0284
2180 0.0122
2181 0.3871
2182 0.6984
2183 0.2097
2184 1.0786
2185 0.0103
2186 0.7461
2187 0.2782
2188 1.9074
2189 0.1372
2190 0.0981
2191 2.1218
2192 0.5565
2193 0.0070
2194 0.0121
2195 0.1107
2196 0.0498
2197 0.4574
2198 0.8663
2199 0.1975
2200 0.7851
2201 0.0197
2202 1.2683
2203 0.0114
2204 0.0480
2205 0.3540
2206 0.2115
2207 0.1870
2208 0.0729
2209 0.1454
2210 0.2778
2211 0.0600
2212 0.3432
2213 0.1880
2214 0.0858
2215 0.2187
2216 0.0151
2217 0.0049
2218 1.1371
2219 0.0069
2220 0.0004
2221 0.6728
2222 0.0165
2223 0.3737
2224 0.0004
2225 0.0292
2226 0.2910
2227 0.2690
2228 0.1960
2229 0.1578
2230 0.0113
2231 0.0029
2232 0.2611
2233 0.0553
2234 0.5826
2235 0.1763
2236 1.0488
2237 0.9737
2238 0.3572
2239 0.0000
2240 0.1179
2241 0.4240
2242 0.2513
2243 0.2538
2244 2.1624
2245 0.0107
2246 0.2816
2247 3.5193
2248 0.0403
2249 0.1799
2250 2.2515
2251 0.0243
2252 0.0052
2253 0.0180
2254 2.0428
2255 1.2522
2256 0.0550
2257 0.0351
2258 0.0844
2259 0.2889
2260 0.4168
2261 0.9398
2262 0.0148
2263 0.9126
2264 0.0037
2265 0.3422
2266 0.4722
2267 0.1115
2268 0.7784
2269 0.2170
2270 0.2492
2271 0.4752
2272 0.1324
2273 0.3291
2274 0.0225
2275 0.3359
2276 0.0573
2277 0.0004
2278 1.6420
2279 0.6237
2280 0.0410
2281 2.3761
2282 0.2354
2283 0.4823
2284 0.0002
2285 0.0271
2286 0.0863
2287 0.0857
2288 0.1841
2289 0.0328
2290 0.0266
2291 0.3351
2292 0.7846
2293 2.2315
2294 0.5616
2295 0.1067
2296 0.0989
2297 0.4347
2298 0.0031
2299 0.1298
2300 0.0895
2301 4.2351
2302 0.0265
2303 0.3978
2304 0.4525
2305 1.0311
2306 0.0170
2307 1.3451
2308 0.4606
2309 0.0059
2310 0.1098
2311 0.5946
2312 0.0005
2313 0.6253
2314 0.4287
2315 0.0402
2316 0.1687
2317 0.0012
2318 0.0276
2319 1.0281
2320 0.9976
2321 0.0203
2322 0.2214
2323 1.1586
2324 1.5341
2325 0.0313
2326 0.0210
2327 1.2698
2328 0.0251
2329 0.0039
2330 0.0683
2331 0.0693
2332 0.8892
2333 0.0080
2334 0.0002
2335 0.0393
2336 1.1064
2337 0.0246
2338 0.0652
2339 1.0540
2340 0.0637
2341 0.1099
2342 2.0229
2343 1.3675
2344 0.1385
2345 0.0465
2346 0.6568
2347 0.4201
2348 0.0894
2349 0.5434
2350 0.0369
2351 0.0054
2352 1.5713
2353 0.2275
2354 0.1121
2355 0.0765
2356 0.0015
2357 0.0128
2358 0.0680
2359 0.0006
2360 0.2209
2361 0.2121
2362 1.5877
2363 0.0025
2364 4.7721
2365 0.0695
2366 0.0461
2367 0.7541
2368 0.0145
2369 3.5557
2370 3.3980
2371 0.1667
2372 0.1164
2373 0.0058
2374 0.4017
2375 0.0843
2376 0.0392
2377 0.1135
2378 0.1174
2379 0.1563
2380 1.0258
2381 0.3644
2382 0.9606
2383 0.0001
2384 0.7123
2385 0.3627
2386 0.5196
2387 0.4161
2388 0.4759
2389 0.0597
2390 0.4221
2391 0.8045
2392 0.1527
2393 0.7592
2394 0.0635
2395 0.4952
2396 0.1771
2397 0.0093
2398 0.6338
2399 1.0524
2400 0.4312
2401 0.0312
2402 0.2404
2403 0.5657
2404 0.0011
2405 0.2044
2406 0.0461
2407 2.5232
2408 0.1049
2409 0.0421
2410 2.0786
2411 1.0021
2412 0.0442
2413 1.2487
2414 0.4271
2415 0.0001
2416 0.3993
2417 0.6448
2418 0.4647
2419 0.0345
2420 0.8432
2421 0.1021
2422 0.0682
2423 1.8460
2424 0.0098
2425 0.0362
2426 0.0021
2427 0.0422
2428 0.6042
2429 0.3953
2430 0.2577
2431 2.8848
2432 0.0315
2433 0.1567
2434 0.0034
2435 0.1153
2436 1.1445
2437 2.2793
2438 0.0175
2439 0.0000
2440 0.1418
2441 0.0542
2442 1.0778
2443 0.3377
2444 1.5025
2445 0.6087
2446 0.6951
2447 0.0328
2448 0.0902
2449 0.0972
2450 0.0805
2451 0.4510
2452 0.0340
2453 1.8976
2454 0.0105
2455 0.5139
2456 0.0061
2457 1.0351
2458 0.1403
2459 0.1233
2460 0.8584
2461 0.1357
2462 1.0218
2463 0.0215
2464 0.0059
2465 0.8539
2466 0.0365
2467 0.2663
2468 0.1265
2469 0.5217
2470 0.0525
2471 0.0486
2472 0.1283
2473 0.0425
2474 0.3441
2475 0.0002
2476 0.0015
2477 0.0746
2478 0.2779
2479 0.0284
2480 0.2342
2481 0.0636
2482 0.8616
2483 0.0811
2484 0.8151
2485 1.9205
2486 0.1212
2487 0.4397
2488 0.0130
2489 0.1033
2490 0.0301
2491 0.1538
2492 0.0154
2493 0.4371
2494 0.0075
2495 0.3223
2496 0.0278
2497 0.0000
2498 0.0110
2499 5.4623
2500 0.0911
2501 1.8005
2502 0.3140
2503 0.2452
2504 0.6770
2505 0.8962
2506 0.0232
2507 0.0035
2508 0.2311
2509 0.5561
2510 0.1612
2511 1.5843
2512 2.2806
2513 1.0535
2514 0.0632
2515 0.0635
2516 0.5402
2517 0.0190
2518 0.9981
2519 1.2391
2520 0.4234
2521 0.6701
2522 0.0599
2523 0.1072
2524 0.1843
2525 0.4889
2526 0.0016
2527 0.0060
2528 0.0298
2529 0.8192
2530 0.2319
2531 0.1707
2532 0.2145
2533 1.9511
2534 0.0075
2535 2.0177
2536 0.1888
2537 0.0201
2538 0.0614
2539 0.2067
2540 0.1187
2541 0.2618
2542 2.6710
2543 0.0053
2544 1.9351
2545 4.8287
2546 0.0176
2547 0.0036
2548 0.0106
2549 0.1123
2550 0.0799
2551 1.0769
2552 0.0164
2553 1.4993
2554 0.6828
2555 0.0311
2556 0.0084
2557 0.1402
2558 0.1141
2559 0.1337
2560 0.0183
2561 0.8696
2562 0.0105
2563 0.0009
2564 2.3131
2565 0.4446
2566 0.2436
2567 0.5206
2568 0.1250
2569 2.2325
2570 0.1013
2571 0.5627
2572 0.2637
2573 0.1648
2574 0.0077
2575 0.2337
2576 0.0119
2577 1.6864
2578 0.0532
2579 0.5826
2580 0.9473
2581 1.6245
2582 0.8328
2583 0.4351
2584 0.6652
2585 0.0009
2586 0.1288
2587 0.0257
2588 0.0016
2589 0.0799
2590 0.4781
2591 0.3894
2592 0.0069
2593 0.0002
2594 1.1713
2595 0.4731
2596 0.0001
2597 0.0702
2598 0.5338
2599 0.2594
2600 0.0170
2601 0.0963
2602 0.0194
2603 0.2691
2604 0.3177
2605 0.0134
2606 0.3795
2607 0.0071
2608 0.0861
2609 0.0044
2610 0.0032
2611 0.0980
2612 0.6424
2613 0.0045
2614 0.4422
2615 0.2042
2616 0.0630
2617 0.4520
2618 0.1200
2619 0.0080
2620 0.1144
2621 0.2245
2622 0.2148
2623 0.1336
2624 0.0107
2625 0.1402
2626 0.0099
2627 0.0015
2628 0.0007
2629 0.0001
2630 0.0034
2631 0.4313
2632 0.8829
2633 0.1316
2634 0.0225
2635 1.4780
2636 0.0561
2637 0.1047
2638 0.1123
2639 0.0370
2640 1.4831
2641 0.0029
2642 0.0234
2643 0.5195
2644 0.0116
2645 1.3210
2646 0.3768
2647 0.0000
2648 0.5701
2649 0.0168
2650 0.0783
2651 0.3449
2652 0.0003
2653 0.0208
2654 0.0022
2655 0.6836
2656 0.0656
2657 0.8070
2658 1.9511
2659 0.3333
2660 0.4180
2661 0.0221
2662 0.2876
2663 0.0005
2664 0.1018
2665 0.1693
2666 0.1459
2667 4.1080
2668 2.3902
2669 0.0101
2670 0.1398
2671 1.7253
2672 0.0010
2673 0.0167
2674 0.2466
2675 0.0000
2676 0.1851
2677 0.0220
2678 0.0046
2679 0.4798
2680 0.0162
2681 0.1223
2682 0.0922
2683 0.0689
2684 0.1341
2685 0.1075
2686 0.0085
2687 0.6146
2688 0.0653
2689 0.3831
2690 1.2965
2691 2.7903
2692 3.2561
2693 0.0009
2694 0.2317
2695 0.0154
2696 0.0430
2697 0.0001
2698 0.0006
2699 0.9885
2700 0.1365
2701 0.1038
2702 0.0400
2703 0.0347
2704 0.0272
2705 0.1004
2706 0.6369
2707 0.0015
2708 0.2464
2709 0.0516
2710 0.2454
2711 0.0031
2712 0.1133
2713 0.0024
2714 0.0524
2715 0.8643
2716 0.2567
2717 1.4411
2718 0.3354
2719 0.0001
2720 0.0404
2721 0.0004
2722 1.0116
2723 0.1861
2724 0.1062
2725 0.0187
2726 0.5394
2727 0.2321
2728 0.0190
2729 0.0287
2730 0.0019
2731 0.4083
2732 0.2522
2733 0.1260
2734 0.1371
2735 0.1304
2736 1.2237
2737 0.0122
2738 2.1851
2739 0.1771
2740 0.1962
2741 0.8921
2742 0.0630
2743 0.0078
2744 0.9678
2745 0.0344
2746 0.4445
2747 0.0129
2748 0.0050
2749 1.7617
2750 0.0900
2751 0.9233
2752 0.1639
2753 0.4116
2754 1.0387
2755 0.2694
2756 0.0012
2757 0.0006
2758 0.9411
2759 1.2725
2760 0.3847
2761 0.0352
2762 0.0000
2763 2.3199
2764 0.4996
2765 0.6423
2766 0.0089
2767 0.3681
2768 0.3059
2769 1.0037
2770 0.4319
2771 0.0432
2772 0.0432
2773 0.3750
2774 0.0577
2775 0.0630
2776 0.0639
2777 0.0020
2778 0.0515
2779 2.9885
2780 0.1243
2781 0.0919
2782 0.1364
2783 0.1584
2784 2.5379
2785 0.1042
2786 0.6930
2787 0.0013
2788 0.4704
2789 0.0122
2790 0.1931
2791 0.0071
2792 0.5505
2793 1.6240
2794 0.2258
2795 0.1037
2796 0.0984
2797 0.5351
2798 0.1752
2799 0.0189
2800 0.6440
2801 0.2255
2802 0.9998
2803 0.0003
2804 0.0321
2805 0.0053
2806 0.8857
2807 0.1689
2808 0.0253
2809 0.1541
2810 0.4362
2811 0.0604
2812 0.0001
2813 0.5881
2814 0.0269
2815 0.0898
2816 1.5506
2817 0.1381
2818 0.0390
2819 0.1250
2820 0.2275
2821 0.0130
2822 0.0593
2823 0.0101
2824 0.2994
2825 0.2032
2826 0.0159
2827 0.0004
2828 0.0030
2829 0.0290
2830 0.2572
2831 0.1256
2832 0.2204
2833 0.2668
2834 0.0048
2835 0.5282
2836 0.3746
2837 0.0308
2838 0.0172
2839 0.4548
2840 0.3242
2841 0.1101
2842 0.0010
2843 0.0009
2844 0.0101
2845 0.4662
2846 0.2095
2847 0.2296
2848 0.3199
2849 0.0011
2850 0.4949
2851 0.0036
2852 1.7740
2853 0.0016
2854 0.0924
2855 0.0724
2856 0.0368
2857 0.4923
2858 0.7049
2859 0.1805
2860 4.2783
2861 0.2033
2862 0.2366
2863 0.3029
2864 0.0046
2865 1.5101
2866 0.0030
2867 0.0072
2868 0.5574
2869 0.7135
2870 1.2706
2871 0.3073
2872 0.0008
2873 0.0533
2874 0.5791
2875 0.0006
2876 0.3072
2877 0.0124
2878 0.0750
2879 0.9715
2880 0.0003
2881 0.0018
2882 0.1290
2883 0.0474
2884 0.1013
2885 0.1414
2886 0.0963
2887 0.0025
2888 0.0566
2889 0.0069
2890 0.0084
2891 0.4583
2892 0.0087
2893 0.0758
2894 0.3794
2895 0.6233
2896 0.1502
2897 0.0035
2898 0.0163
2899 0.0232
2900 0.0005
2901 0.1724
2902 0.5350
2903 0.0694
2904 0.4734
2905 0.1680
2906 0.1737
2907 0.0189
2908 0.0211
2909 0.0664
2910 1.2491
2911 0.0073
2912 0.3032
2913 0.1617
2914 0.0535
2915 0.4514
2916 0.0126
2917 0.6573
2918 0.0002
2919 0.0094
2920 0.0006
2921 0.0000
2922 0.0000
2923 0.0017
2924 2.1455
2925 2.0700
2926 0.5569
2927 0.0144
2928 0.3202
2929 0.0087
2930 0.0016
2931 0.0195
2932 0.0488
2933 0.0480
2934 0.5691
2935 0.0120
2936 0.2018
2937 0.0038
2938 0.0047
2939 0.4405
2940 0.0638
2941 1.0002
2942 4.0722
2943 0.1356
2944 0.8682
2945 0.0145
2946 0.2428
2947 0.0039
2948 0.0566
2949 0.0753
2950 0.0061
2951 1.6384
2952 0.0057
2953 0.1200
2954 0.0944
2955 0.0202
2956 0.0141
2957 0.3699
2958 0.1092
2959 0.2138
2960 0.6354
2961 0.0321
2962 0.2503
2963 0.0297
2964 0.0000
2965 0.3158
2966 0.0443
2967 0.0094
2968 0.0040
2969 0.1178
2970 0.6294
2971 0.3381
2972 0.2661
2973 0.0077
2974 0.0065
2975 0.0245
2976 0.2861
2977 0.2237
2978 0.0438
2979 0.0002
2980 0.1102
2981 0.1937
2982 0.7823
2983 3.8958
2984 1.0778
2985 0.2275
2986 2.9617
2987 0.7391
2988 0.2516
2989 0.1543
2990 0.0972
2991 0.0324
2992 0.2050
2993 0.1387
2994 0.0020
2995 0.0270
2996 0.8119
2997 0.8591
2998 0.0170
2999 0.0725
3000 0.0224
3001 0.0491
3002 0.0370
3003 0.0195
3004 0.1195
3005 5.6776
3006 0.1448
3007 0.0084
3008 0.4044
3009 0.8380
3010 0.4228
3011 0.0014
3012 0.2208
3013 0.0063
3014 0.1666
3015 0.6562
3016 0.0239
3017 0.1562
3018 0.2994
3019 0.0317
3020 1.8243
3021 0.0001
3022 0.0061
3023 0.0202
3024 0.0043
3025 0.0019
3026 0.0245
3027 0.1137
3028 1.5290
3029 0.7033
3030 0.0165
3031 0.0002
3032 2.3320
3033 1.4238
3034 0.0043
3035 0.0455
3036 2.5699
3037 0.0066
3038 1.0101
3039 0.0162
3040 0.0032
3041 0.0086
3042 0.0486
3043 0.7183
3044 0.3021
3045 0.1857
3046 0.5919
3047 0.1379
3048 0.0238
3049 0.0895
3050 0.8514
3051 0.1383
3052 0.0328
3053 0.0398
3054 0.0465
3055 0.5957
3056 0.0006
3057 0.4791
3058 0.0145
3059 0.9716
3060 0.0992
3061 0.0493
3062 0.0125
3063 1.0324
3064 0.0007
3065 0.0012
3066 0.0407
3067 0.0268
3068 0.4776
3069 0.4893
3070 0.2508
3071 0.3716
3072 2.5634
3073 2.6790
3074 0.0098
3075 0.2024
3076 0.1011
3077 0.0459
3078 0.0155
3079 0.3445
3080 0.0009
3081 1.3335
3082 0.1377
3083 0.0721
3084 1.2111
3085 0.0946
3086 0.3316
3087 0.0005
3088 0.0129
3089 0.2570
3090 1.2065
3091 0.0467
3092 0.1262
3093 0.7065
3094 0.0043
3095 0.8835
3096 0.0009
3097 0.4640
3098 0.0324
3099 1.5410
3100 0.0081
3101 0.0524
3102 0.0250
3103 0.0318
3104 0.0047
3105 0.7991
3106 0.0121
3107 0.0020
3108 0.0009
3109 0.3440
3110 0.0015
3111 0.4136
3112 0.0030
3113 0.0885
3114 0.0036
3115 0.7381
3116 0.0642
3117 0.0525
3118 0.7350
3119 0.0890
3120 0.0007
3121 0.2026
3122 1.3643
3123 0.0359
3124 0.0000
3125 2.3818
3126 0.0892
3127 0.0007
3128 0.0002
3129 0.0577
3130 1.4793
3131 1.3084
3132 0.2774
3133 0.0113
3134 0.6927
3135 0.0046
3136 0.0537
3137 0.0003
3138 0.0430
3139 0.3516
3140 0.5274
3141 1.1976
3142 0.0457
3143 0.0034
3144 0.5249
3145 0.0061
3146 0.0222
3147 0.0502
3148 0.0006
3149 0.1264
3150 0.0519
3151 1.1988
3152 0.1678
3153 2.8413
3154 1.0499
3155 0.0001
3156 0.3599
3157 0.8781
3158 1.2627
3159 0.1473
3160 0.0904
3161 0.0915
3162 0.0536
3163 0.0244
3164 0.3863
3165 1.7013
3166 0.3790
3167 0.2739
3168 0.1766
3169 0.3538
3170 0.4680
3171 4.5639
3172 4.1782
3173 0.3962
3174 0.0122
3175 0.0318
3176 0.2709
3177 0.3235
3178 0.7843
3179 0.2725
3180 0.0822
3181 0.3431
3182 0.1290
3183 0.0184
3184 0.0563
3185 0.0662
3186 0.0271
3187 0.0714
3188 0.5231
3189 0.2973
3190 1.0430
3191 0.2572
3192 0.0021
3193 0.2137
3194 0.0887
3195 0.0141
3196 0.7028
3197 0.0000
3198 0.0344
3199 0.0052
3200 3.3541
3201 0.0024
3202 0.2809
3203 0.0878
3204 0.0956
3205 0.0011
3206 0.0000
3207 0.5997
3208 2.5165
3209 0.0384
3210 0.5363
3211 1.0484
3212 0.0854
3213 0.0658
3214 0.2268
3215 0.0000
3216 0.6950
3217 0.0000
3218 0.2290
3219 0.3580
3220 0.1909
3221 2.6037
3222 0.5432
3223 0.0256
3224 0.2757
3225 0.1368
3226 0.5716
3227 0.0648
3228 0.0024
3229 0.0013
3230 0.0090
3231 0.6172
3232 1.8937
3233 0.7082
3234 0.0935
3235 0.1602
3236 0.1431
3237 0.0536
3238 0.0971
3239 0.0166
3240 1.6589
3241 0.3446
3242 1.3993
3243 0.0019
3244 0.0707
3245 0.8944
3246 0.0139
3247 0.3015
3248 0.1154
3249 0.1405
3250 0.0039
3251 0.3513
3252 0.8432
3253 0.3296
3254 0.0172
3255 0.3850
3256 0.0456
3257 1.0095
3258 0.0831
3259 0.0167
3260 0.0262
3261 0.0376
3262 0.5286
3263 0.0228
3264 0.0028
3265 0.4384
3266 0.0732
3267 0.0303
3268 0.3247
3269 0.0187
3270 0.1769
3271 0.0956
3272 0.0107
3273 0.2761
3274 0.0077
3275 0.3220
3276 0.7371
3277 0.3378
3278 0.0001
3279 0.0073
3280 0.0532
3281 1.0147
3282 0.0642
3283 0.5941
3284 0.0216
3285 0.0018
3286 0.1197
3287 0.1644
3288 0.1724
3289 2.4884
3290 0.0011
3291 0.2594
3292 0.1862
3293 0.0226
3294 0.0084
3295 0.0821
3296 0.1896
3297 0.0684
3298 0.0051
3299 0.1429
3300 0.0744
3301 0.2593
3302 0.2234
3303 0.1251
3304 0.0007
3305 0.0018
3306 0.7629
3307 0.0008
3308 0.1343
3309 0.1178
3310 0.8219
3311 0.0377
3312 0.1454
3313 0.3601
3314 0.0133
3315 0.3173
3316 0.0019
3317 0.0138
3318 0.0016
3319 0.0072
3320 0.0224
3321 0.2872
3322 0.0837
3323 0.0064
3324 0.1935
3325 0.0310
3326 0.0709
3327 0.0011
3328 0.0219
3329 0.6168
3330 0.0172
3331 0.2610
3332 0.0042
3333 0.7469
3334 0.0813
3335 0.1784
3336 0.0040
3337 0.0001
3338 0.1223
3339 0.0014
3340 0.6365
3341 1.1275
3342 0.0511
3343 0.2509
3344 0.0746
3345 3.2938
3346 0.0277
3347 0.0007
3348 0.2087
3349 2.3670
3350 0.0168
3351 0.0550
3352 0.3184
3353 0.3029
3354 0.0021
3355 0.0164
3356 0.0587
3357 0.0753
3358 0.2320
3359 1.4897
3360 0.0106
3361 0.3737
3362 0.0002
3363 3.3893
3364 0.0211
3365 0.0011
3366 0.0110
3367 0.0075
3368 0.0109
3369 0.0267
3370 0.0808
3371 0.0584
3372 0.7486
3373 0.0002
3374 0.5299
3375 0.0003
3376 0.8700
3377 0.0308
3378 0.3826
3379 0.3915
3380 0.0000
3381 0.0209
3382 0.0081
3383 0.0067
3384 0.2602
3385 0.0541
3386 0.0459
3387 0.0883
3388 0.0960
3389 0.0633
3390 0.1467
3391 0.0000
3392 0.4536
3393 0.0018
3394 0.0001
3395 0.0236
3396 0.2131
3397 0.0120
3398 0.5882
3399 0.0437
3400 0.0558
3401 0.0002
3402 0.0393
3403 0.0421
3404 0.0062
3405 0.7592
3406 0.0401
3407 1.1711
3408 0.0152
3409 0.0064
3410 4.9669
3411 0.0094
3412 0.2299
3413 0.3351
3414 0.0715
3415 0.0166
3416 0.8613
3417 0.2283
3418 0.9926
3419 0.0000
3420 0.0001
3421 0.0011
3422 0.0514
3423 0.0002
3424 0.3498
3425 0.0139
3426 0.1398
3427 0.0001
3428 3.9921
3429 0.0628
3430 0.4141
3431 0.2222
3432 2.2611
3433 0.0230
3434 0.0114
3435 0.0018
3436 0.4798
3437 0.0003
3438 0.0030
3439 1.2491
3440 0.2294
3441 0.2973
3442 0.0963
3443 0.2204
3444 1.0920
3445 2.0919
3446 0.0229
3447 0.0020
3448 0.0092
3449 0.0001
3450 0.2191
3451 1.1902
3452 2.1316
3453 0.0287
3454 1.0274
3455 0.0864
3456 0.0827
3457 0.0486
3458 0.0246
3459 0.0400
3460 0.1387
3461 0.0079
3462 0.0276
3463 0.3163
3464 0.7340
3465 0.3682
3466 0.0220
3467 0.0939
3468 0.9497
3469 0.3879
3470 0.1023
3471 0.0045
3472 0.0571
3473 1.7511
3474 0.0844
3475 0.1085
3476 0.1294
3477 0.0462
3478 0.0070
3479 0.1989
3480 0.0772
3481 0.0072
3482 0.0546
3483 0.0105
3484 0.0806
3485 0.0016
3486 1.4076
3487 0.0423
3488 0.0065
3489 0.2618
3490 0.3650
3491 0.1309
3492 0.0656
3493 0.0688
3494 0.0000
3495 2.8563
3496 0.0012
3497 1.3533
3498 0.3610
3499 0.0106
3500 0.3261
3501 0.0101
3502 0.2500
3503 0.1441
3504 1.0095
3505 0.6420
3506 0.1046
3507 0.3446
3508 0.7567
3509 3.0473
3510 0.0497
3511 0.2420
3512 0.0911
3513 0.1851
3514 0.1196
3515 0.0045
3516 1.0121
3517 0.7582
3518 0.0024
3519 0.7821
3520 0.1664
3521 0.0033
3522 0.2823
3523 0.0035
3524 0.0505
3525 0.0037
3526 0.2005
3527 0.2022
3528 0.3219
3529 0.0212
3530 0.0044
3531 0.2466
3532 1.8397
3533 0.3018
3534 0.0388
3535 0.1075
3536 0.5939
3537 0.1313
3538 0.2103
3539 0.0045
3540 1.4558
3541 0.4224
3542 0.0189
3543 0.2680
3544 0.2747
3545 0.0491
3546 0.6501
3547 0.6610
3548 0.0272
3549 0.0429
3550 0.0100
3551 0.0386
3552 0.8949
3553 0.0001
3554 0.0005
3555 0.0062
3556 0.0098
3557 0.0128
3558 0.9253
3559 0.3186
3560 0.0312
3561 0.2366
3562 0.0346
3563 0.0186
3564 3.1131
3565 0.5105
3566 0.0000
3567 0.0006
3568 0.1759
3569 1.8104
3570 0.0019
3571 0.1800
3572 0.0077
3573 0.0099
3574 0.0081
3575 0.0341
3576 0.4560
3577 0.0104
3578 0.5235
3579 0.3089
3580 0.0010
3581 0.0765
3582 0.1612
3583 0.0296
3584 0.7220
3585 0.0009
3586 0.0003
3587 0.0010
3588 0.2240
3589 0.8033
3590 0.0179
3591 0.6386
3592 0.2396
3593 0.0118
3594 0.1696
3595 0.0145
3596 0.0242
3597 0.2129
3598 0.4212
3599 1.4102
3600 0.5589
3601 0.0374
3602 0.0048
3603 0.0085
3604 0.0003
3605 0.0459
3606 0.1079
3607 0.0642
3608 0.0212
3609 0.0361
3610 0.0010
3611 0.1875
3612 1.5007
3613 0.0006
3614 0.0120
3615 0.1952
3616 2.4882
3617 1.2033
3618 0.0200
3619 0.0870
3620 0.0121
3621 1.9562
3622 0.0012
3623 1.1417
3624 0.0179
3625 0.0350
3626 1.1044
3627 0.0023
3628 0.0857
3629 1.1687
3630 0.1662
3631 0.0120
3632 0.0403
3633 1.5303
3634 0.4275
3635 2.2111
3636 0.3049
3637 0.2327
3638 1.3238
3639 0.3881
3640 0.6187
3641 0.6991
3642 0.0295
3643 0.2176
3644 0.9933
3645 0.0415
3646 0.0778
3647 0.1665
3648 0.6567
3649 0.0000
3650 0.8192
3651 0.0126
3652 0.0000
3653 0.0026
3654 0.0703
3655 0.3470
3656 0.0758
3657 0.7944
3658 0.0898
3659 0.8142
3660 0.0077
3661 0.0433
3662 0.0821
3663 0.0340
3664 0.4807
3665 0.0003
3666 1.1558
3667 0.0064
3668 0.0014
3669 0.4003
3670 0.0007
3671 0.0323
3672 2.7778
3673 0.1259
3674 0.4514
3675 2.2228
3676 1.0410
3677 0.0501
3678 1.1736
3679 0.7468
3680 0.0005
3681 0.0124
3682 0.0352
3683 0.6899
3684 0.3883
3685 4.8957
3686 0.1393
3687 1.1035
3688 0.0258
3689 0.0012
3690 0.0789
3691 0.2361
3692 0.1468
3693 0.0147
3694 1.6520
3695 0.4254
3696 0.1210
3697 0.0130
3698 0.8690
3699 0.1884
3700 0.3358
3701 0.0476
3702 0.0783
3703 0.1623
3704 0.0730
3705 0.0390
3706 0.1577
3707 0.1140
3708 1.0766
3709 0.0053
3710 0.7329
3711 0.0471
3712 0.0783
3713 0.4629
3714 1.0599
3715 0.1065
3716 0.2273
3717 1.1767
3718 0.0648
3719 0.0001
3720 0.0164
3721 0.6918
3722 1.5524
3723 0.2976
3724 0.0023
3725 0.0012
3726 0.0036
3727 0.4516
3728 0.0564
3729 0.0038
3730 0.3565
3731 0.1347
3732 0.0246
3733 0.0115
3734 0.1301
3735 0.0036
3736 0.0550
3737 0.1176
3738 1.6533
3739 0.0956
3740 0.4223
3741 0.0017
3742 0.1005
3743 0.0037
3744 0.4098
3745 1.0916
3746 0.6142
3747 0.1565
3748 0.0725
3749 0.0413
3750 0.0006
3751 0.2933
3752 0.0005
3753 0.0480
3754 0.0014
3755 0.5243
3756 0.0002
3757 0.0123
3758 0.3130
3759 1.1412
3760 0.0162
3761 0.0025
3762 0.5757
3763 0.2536
3764 0.0006
3765 0.0126
3766 0.4305
3767 0.1897
3768 0.7824
3769 3.0252
3770 0.0005
3771 0.0005
3772 0.8793
3773 0.0211
3774 0.0771
3775 0.3423
3776 0.2284
3777 2.1577
3778 0.0929
3779 0.0293
3780 0.8780
3781 0.1631
3782 0.0798
3783 0.0337
3784 0.0012
3785 0.0098
3786 0.2483
3787 0.0001
3788 0.1538
3789 0.0122
3790 0.4399
3791 0.2600
3792 0.0120
3793 1.2069
3794 0.0081
3795 0.0374
3796 0.8705
3797 0.0771
3798 1.3688
3799 0.0838
3800 0.1351
3801 0.0004
3802 0.0004
3803 1.0896
3804 0.9296
3805 0.6472
3806 0.0689
3807 0.0987
3808 0.0049
3809 0.1696
3810 0.0494
3811 0.0197
3812 0.7196
3813 0.0425
3814 0.0350
3815 0.3529
3816 0.1369
3817 0.3110
3818 0.0575
3819 0.4797
3820 0.2610
3821 0.0009
3822 0.2104
3823 0.0101
3824 0.5415
3825 0.0092
3826 0.1121
3827 0.6680
3828 0.3841
3829 1.2555
3830 0.1080
3831 0.0281
3832 0.2881
3833 1.2371
3834 0.4974
3835 2.1182
3836 0.0361
3837 0.0514
3838 0.0020
3839 0.0070
3840 0.0011
3841 0.0051
3842 0.0413
3843 0.0076
3844 0.0474
3845 0.0901
3846 0.4429
3847 0.0261
3848 1.1631
3849 1.3181
3850 0.3994
3851 0.3019
3852 0.0410
3853 0.0175
3854 1.1113
3855 0.7111
3856 0.0072
3857 0.2536
3858 0.5385
3859 0.0042
3860 1.0657
3861 0.0272
3862 0.0053
3863 0.0059
3864 0.0005
3865 0.1131
3866 0.1322
3867 0.6971
3868 0.0931
3869 0.2972
3870 0.2700
3871 0.4939
3872 0.0545
3873 0.0007
3874 0.5811
3875 0.0034
3876 0.3939
3877 1.0651
3878 0.2410
3879 1.7837
3880 0.0002
3881 0.0170
3882 1.0770
3883 0.1409
3884 0.1805
3885 0.0002
3886 0.0566
3887 0.0014
3888 0.3720
3889 0.8064
3890 0.0003
3891 0.2089
3892 0.2985
3893 0.5164
3894 0.6189
3895 1.2226
3896 1.1266
3897 0.0037
3898 0.0011
3899 0.4091
3900 0.0005
3901 0.5151
3902 0.0542
3903 0.1838
3904 0.6225
3905 0.0562
3906 0.0186
3907 0.0042
3908 0.0000
3909 0.0254
3910 0.0404
3911 0.0849
3912 0.0224
3913 0.1562
3914 0.0887
3915 0.1269
3916 0.0011
3917 0.0786
3918 0.0122
3919 0.0194
3920 0.0001
3921 0.0190
3922 0.0968
3923 0.0869
3924 0.0041
3925 0.0014
3926 0.0243
3927 0.0000
3928 2.6905
3929 0.0651
3930 0.0001
3931 0.1782
3932 0.5033
3933 1.3836
3934 1.6155
3935 0.3298
3936 0.5697
3937 0.0046
3938 0.0019
3939 0.1019
3940 0.0000
3941 0.0108
3942 0.3434
3943 0.0452
3944 0.0059
3945 0.4718
3946 0.4457
3947 2.1129
3948 0.9156
3949 0.2883
3950 0.0007
3951 0.1897
3952 0.1500
3953 0.0067
3954 0.0066
3955 0.5957
3956 0.1314
3957 0.0080
3958 0.0023
3959 0.0187
3960 0.0322
3961 0.0150
3962 0.0011
3963 1.0782
3964 0.0124
3965 5.1715
3966 0.0360
3967 0.3111
3968 0.0009
3969 0.2059
3970 0.1992
3971 0.0038
3972 0.0032
3973 0.0001
3974 0.0227
3975 0.0001
3976 0.1521
3977 0.8323
3978 0.5138
3979 0.0104
3980 0.3294
3981 1.2093
3982 0.3332
3983 0.7077
3984 0.2116
3985 0.0457
3986 0.0980
3987 0.0001
3988 0.0027
3989 0.6284
3990 1.2315
3991 0.0568
3992 0.0074
3993 1.3402
3994 0.0844
3995 0.1079
3996 0.5545
3997 0.0010
3998 0.1941
3999 0.1489
4000 1.1698
4001 0.0078
4002 0.0140
4003 0.0364
4004 0.1008
4005 0.0644
4006 0.0149
4007 0.0001
4008 1.8231
4009 0.0525
4010 0.7491
4011 1.1964
4012 0.0066
4013 2.2929
4014 0.0000
4015 0.0207
4016 1.5278
4017 0.2316
4018 0.2398
4019 0.3362
4020 0.1716
4021 0.0355
4022 0.3318
4023 0.0142
4024 0.0129
4025 0.2732
4026 0.0149
4027 0.0279
4028 0.2422
4029 0.1868
4030 0.6309
4031 0.1354
4032 0.4778
4033 0.0186
4034 0.6570
4035 0.5373
4036 0.0237
4037 0.1454
4038 0.0446
4039 0.0450
4040 0.0076
4041 0.9969
4042 0.8075
4043 0.2714
4044 0.8108
4045 0.0008
4046 0.0464
4047 0.0172
4048 0.0079
4049 0.0006
4050 0.0227
4051 0.0460
4052 0.9122
4053 0.0271
4054 0.0005
4055 0.0095
4056 0.1535
4057 0.6761
4058 0.1257
4059 0.0000
4060 0.0583
4061 0.0791
4062 0.0567
4063 0.5988
4064 0.6032
4065 0.0610
4066 0.4232
4067 0.0046
4068 0.0002
4069 0.3123
4070 0.3062
4071 0.0666
4072 0.0337
4073 0.1868
4074 0.0650
4075 0.3008
4076 0.1729
4077 0.6529
4078 0.1098
4079 0.1717
4080 0.0349
4081 0.0002
4082 0.4415
4083 0.0153
4084 0.0001
4085 1.5083
4086 0.0590
4087 0.0019
4088 0.0406
4089 0.0383
4090 1.0474
4091 0.0048
4092 1.9556
4093 0.1211
4094 7.7204
4095 0.6158
4096 0.0314
4097 0.0148
4098 0.0671
4099 0.9659
4100 4.0946
4101 0.0725
4102 2.0618
4103 0.0298
4104 0.0167
4105 0.0006
4106 0.0137
4107 0.0014
4108 0.8991
4109 0.0510
4110 1.0381
4111 0.0267
4112 0.1147
4113 0.1422
4114 0.0188
4115 0.0000
4116 0.0016
4117 0.0400
4118 0.0200
4119 0.2034
4120 0.4732
4121 0.6894
4122 0.0092
4123 0.3322
4124 0.6024
4125 2.6364
4126 0.0758
4127 0.0497
4128 0.8103
4129 0.0001
4130 0.2900
4131 0.0054
4132 1.2990
4133 0.0003
4134 0.2559
4135 0.0032
4136 0.0098
4137 0.0002
4138 0.7056
4139 0.6165
4140 0.0169
4141 0.0387
4142 0.7498
4143 0.0417
4144 0.1507
4145 0.4251
4146 0.0914
4147 0.0033
4148 0.1427
4149 0.2344
4150 0.6309
4151 0.0443
4152 0.0069
4153 0.0779
4154 0.0904
4155 0.9263
4156 0.0144
4157 1.1056
4158 0.0035
4159 0.0197
4160 0.0398
4161 0.9168
4162 0.0505
4163 0.0166
4164 1.8667
4165 0.0111
4166 0.4121
4167 0.0050
4168 0.0230
4169 0.0057
4170 0.7492
4171 0.0004
4172 0.1113
4173 0.4000
4174 0.0242
4175 0.2873
4176 0.8117
4177 0.1015
4178 0.0264
4179 0.1229
4180 0.4763
4181 0.0695
4182 0.0005
4183 0.0007
4184 0.0173
4185 0.0212
4186 0.0035
4187 0.0000
4188 0.5236
4189 0.0057
4190 0.1001
4191 0.0163
4192 0.0197
4193 0.0010
4194 0.0321
4195 0.2896
4196 0.0862
4197 0.1888
4198 0.2139
4199 0.0984
4200 0.0359
4201 0.4033
4202 0.7388
4203 0.0515
4204 0.2490
4205 5.9858
4206 0.0074
4207 0.3644
4208 3.2967
4209 0.0003
4210 0.0037
4211 0.0013
4212 0.0266
4213 0.2941
4214 0.0360
4215 1.1073
4216 0.0030
4217 0.5645
4218 0.0108
4219 0.0779
4220 0.0861
4221 0.1354
4222 0.0382
4223 0.0107
4224 0.0205
4225 0.6502
4226 0.0633
4227 0.6810
4228 0.0327
4229 0.0000
4230 0.0004
4231 0.0089
4232 0.0562
4233 0.0201
4234 0.1241
4235 0.0124
4236 0.0112
4237 0.0091
4238 1.2713
4239 0.0049
4240 0.0045
4241 0.1602
4242 0.0231
4243 0.2549
4244 0.1713
4245 0.4746
4246 0.0225
4247 0.1020
4248 0.0000
4249 0.0749
4250 1.2675
4251 0.0012
4252 0.0295
4253 1.0993
4254 0.2030
4255 0.0313
4256 3.4196
4257 0.0656
4258 0.0010
4259 0.1842
4260 0.1823
4261 0.0032
4262 0.0002
4263 0.0027
4264 0.0028
4265 0.4176
4266 0.0953
4267 0.0061
4268 0.0038
4269 0.0713
4270 0.0087
4271 0.0084
4272 0.0018
4273 0.3555
4274 0.0046
4275 0.0002
4276 0.0160
4277 0.0000
4278 0.0262
4279 0.0008
4280 0.0001
4281 0.0010
4282 0.2091
4283 0.0010
4284 0.9774
4285 0.6397
4286 0.2018
4287 0.0001
4288 0.0566
4289 0.0002
4290 0.7570
4291 1.2151
4292 0.0419
4293 0.0761
4294 0.0009
4295 0.1601
4296 0.0002
4297 0.0097
4298 0.0067
4299 0.0802
4300 0.1330
4301 2.0386
4302 1.9923
4303 0.4080
4304 0.0794
4305 0.0079
4306 0.0410
4307 0.3845
4308 0.2037
4309 0.9547
4310 0.0150
4311 0.2108
4312 0.3400
4313 0.0019
4314 0.0043
4315 0.0109
4316 0.0002
4317 0.0536
4318 0.1051
4319 0.0026
4320 0.0081
4321 0.0226
4322 0.0290
4323 0.0058
4324 0.0042
4325 1.5364
4326 0.0043
4327 0.0043
4328 0.0757
4329 0.1499
4330 0.0004
4331 0.8161
4332 1.4327
4333 0.0061
4334 0.0024
4335 0.2005
4336 0.4530
4337 0.3090
4338 0.0036
4339 0.2529
4340 0.0153
4341 0.0003
4342 0.2023
4343 0.1182
4344 0.1191
4345 0.1447
4346 0.0392
4347 0.1260
4348 0.5434
4349 0.1288
4350 0.0230
4351 3.7893
4352 0.7680
4353 0.0448
4354 0.0091
4355 0.0079
4356 0.0018
4357 0.3998
4358 0.0996
4359 0.0025
4360 0.0026
4361 0.1669
4362 0.0118
4363 0.0047
4364 1.3730
4365 0.0053
4366 0.0030
4367 0.5653
4368 0.7006
4369 0.2127
4370 0.0039
4371 0.0477
4372 0.0049
4373 0.3472
4374 0.0718
4375 0.0118
4376 0.0048
4377 0.0516
4378 0.0201
4379 0.0437
4380 0.2429
4381 0.0110
4382 0.7860
4383 0.0041
4384 0.0008
4385 0.0909
4386 0.0055
4387 0.0000
4388 0.0569
4389 0.2226
4390 0.1366
4391 0.2738
4392 0.2373
4393 6.3744
4394 0.4196
4395 0.0928
4396 0.3654
4397 0.0532
4398 0.0099
4399 0.0096
4400 0.4236
4401 0.0182
4402 0.0629
4403 0.2524
4404 0.0001
4405 0.1525
4406 1.6212
4407 0.0035
4408 0.0174
4409 2.1787
4410 0.0010
4411 0.7671
4412 0.0540
4413 0.1136
4414 1.2720
4415 0.0004
4416 0.0000
4417 0.0385
4418 0.0015
4419 0.0496
4420 0.0022
4421 0.0640
4422 0.0000
4423 0.1452
4424 0.4410
4425 0.0968
4426 0.0029
4427 0.0076
4428 0.0225
4429 6.0993
4430 1.1728
4431 0.0815
4432 0.2894
4433 0.8206
4434 1.2062
4435 2.0631
4436 0.0328
4437 0.0521
4438 0.4328
4439 2.3124
4440 0.8251
4441 1.2560
4442 0.2010
4443 0.0005
4444 1.6028
4445 0.0006
4446 0.5593
4447 0.0014
4448 0.1931
4449 0.0100
4450 0.0104
4451 0.0005
4452 1.4302
4453 0.0006
4454 0.0092
4455 0.0100
4456 0.1539
4457 0.7081
4458 0.0275
4459 0.2726
4460 0.0106
4461 0.6448
4462 0.0292
4463 0.1771
4464 0.0194
4465 0.0007
4466 0.0079
4467 0.5762
4468 0.0047
4469 0.0018
4470 0.0173
4471 0.0041
4472 0.0807
4473 1.2643
4474 0.0120
4475 0.0235
4476 0.0045
4477 0.0268
4478 3.1103
4479 0.2310
4480 0.0347
4481 0.0066
4482 0.0046
4483 0.9531
4484 0.0019
4485 0.2596
4486 0.3629
4487 0.8844
4488 0.0420
4489 0.0064
4490 0.3296
4491 0.0720
4492 0.0180
4493 0.5692
4494 0.0028
4495 0.1244
4496 0.0036
4497 0.2140
4498 0.8478
4499 0.0015
4500 0.0352
4501 0.4488
4502 0.0294
4503 0.2803
4504 1.0852
4505 0.2367
4506 0.0039
4507 0.7063
4508 0.8458
4509 0.0916
4510 0.0812
4511 0.1021
4512 0.0742
4513 0.0100
4514 0.0011
4515 1.6082
4516 0.5624
4517 0.0092
4518 0.7722
4519 0.0081
4520 0.0894
4521 0.0129
4522 0.0011
4523 0.4339
4524 0.0468
4525 1.2355
4526 0.9970
4527 0.8435
4528 0.0565
4529 0.0003
4530 1.5993
4531 0.0158
4532 0.0256
4533 0.0435
4534 0.0037
4535 0.0466
4536 0.0221
4537 0.0111
4538 0.0276
4539 0.5791
4540 1.6620
4541 0.1267
4542 0.0001
4543 0.0057
4544 0.0606
4545 0.6617
4546 0.0875
4547 0.0496
4548 0.0052
4549 0.0321
4550 0.0648
4551 0.0531
4552 0.0000
4553 1.3405
4554 0.0016
4555 0.0379
4556 0.2732
4557 0.3709
4558 1.6345
4559 0.0095
4560 0.0305
4561 0.0064
4562 0.0341
4563 0.0271
4564 0.0000
4565 0.0026
4566 0.5459
4567 1.0478
4568 0.7722
4569 0.5245
4570 0.0540
4571 0.3144
4572 0.0198
4573 0.1910
4574 1.4997
4575 0.0092
4576 0.0225
4577 0.1509
4578 0.2498
4579 0.0092
4580 0.5575
4581 0.0003
4582 0.0104
4583 0.2951
4584 0.3778
4585 0.0002
4586 0.1059
4587 0.0001
4588 0.2240
4589 0.0000
4590 0.1279
4591 0.2262
4592 1.1260
4593 1.2833
4594 0.0007
4595 0.3884
4596 7.6377
4597 0.0556
4598 0.0068
4599 0.0165
4600 0.0548
4601 0.0071
4602 0.0819
4603 0.0203
4604 0.0208
4605 0.7188
4606 0.0641
4607 0.4383
4608 2.4433
4609 0.1197
4610 0.0107
4611 0.0037
4612 0.1525
4613 0.4220
4614 1.0808
4615 0.1242
4616 0.3481
4617 0.1133
4618 1.5938
4619 1.3694
4620 0.0194
4621 0.0017
4622 0.0003
4623 0.1884
4624 0.7664
4625 0.0004
4626 0.0083
4627 0.0502
4628 0.3407
4629 0.6055
4630 0.0355
4631 0.0003
4632 0.0079
4633 0.8282
4634 0.0012
4635 0.8593
4636 0.0081
4637 0.2074
4638 0.0006
4639 0.1048
4640 1.5397
4641 0.0195
4642 1.3399
4643 0.0789
4644 0.1082
4645 0.0416
4646 0.0124
4647 0.0014
4648 0.1168
4649 0.0375
4650 0.0130
4651 0.0069
4652 0.2205
4653 0.7793
4654 1.3414
4655 0.0005
4656 0.1375
4657 0.0018
4658 0.0387
4659 0.3968
4660 0.0428
4661 0.0013
4662 0.3662
4663 0.8047
4664 0.0010
4665 0.0107
4666 0.0022
4667 0.0046
4668 0.5341
4669 0.0032
4670 0.0160
4671 2.1623
4672 0.0053
4673 1.5701
4674 0.0003
4675 0.1194
4676 0.0003
4677 0.0001
4678 1.1108
4679 0.0020
4680 0.4060
4681 0.2046
4682 0.0105
4683 0.0629
4684 0.3338
4685 0.0007
4686 0.3020
4687 0.3297
4688 0.0038
4689 0.0012
4690 0.0112
4691 0.0589
4692 0.0840
4693 0.1869
4694 0.2254
4695 0.0434
4696 0.1268
4697 0.0024
4698 0.1395
4699 0.0014
4700 0.4298
4701 1.2014
4702 0.0083
4703 0.2640
4704 0.0116
4705 0.0055
4706 0.0520
4707 0.5926
4708 0.0035
4709 0.0032
4710 0.1979
4711 0.0092
4712 0.0066
4713 0.0409
4714 0.0498
4715 0.1246
4716 0.2083
4717 0.0134
4718 0.0008
4719 0.0019
4720 0.0135
4721 2.3475
4722 0.0868
4723 0.0432
4724 2.0662
4725 0.0187
4726 0.3647
4727 0.0012
4728 0.1396
4729 0.4305
4730 0.0091
4731 0.0048
4732 0.0020
4733 0.0205
4734 0.0475
4735 0.0009
4736 2.8429
4737 0.1945
4738 1.9556
4739 0.1343
4740 0.0206
4741 1.0171
4742 0.0406
4743 0.0192
4744 0.0073
4745 0.0817
4746 0.2142
4747 0.0003
4748 0.0552
4749 0.0389
4750 0.0629
4751 1.6114
4752 0.1328
4753 0.0118
4754 0.0760
4755 0.6646
4756 0.0052
4757 0.5132
4758 0.0952
4759 0.2960
4760 0.0100
4761 0.0050
4762 0.3604
4763 0.6542
4764 0.0002
4765 0.0085
4766 0.6773
4767 0.2233
4768 1.2232
4769 0.0371
4770 0.9351
4771 0.0050
4772 0.0020
4773 0.8258
4774 0.6181
4775 0.0069
4776 0.0297
4777 0.0315
4778 0.0000
4779 0.0498
4780 0.4544
4781 0.2703
4782 0.3800
4783 0.2318
4784 0.0048
4785 0.3827
4786 0.1547
4787 0.0051
4788 0.0065
4789 0.5386
4790 0.0352
4791 0.0201
4792 0.4902
4793 0.0016
4794 0.1072
4795 0.0555
4796 0.7344
4797 0.3398
4798 0.4567
4799 0.2636
4800 0.0916
4801 0.1652
4802 0.5147
4803 0.7626
4804 0.0139
4805 0.0003
4806 0.4567
4807 0.0021
4808 0.7569
4809 0.3698
4810 0.7309
4811 0.0010
4812 0.0002
4813 0.1830
4814 0.0005
4815 0.0001
4816 0.4881
4817 0.0003
4818 0.1403
4819 1.0845
4820 0.8676
4821 0.0004
4822 0.0000
4823 2.6113
4824 0.0966
4825 0.7059
4826 0.0010
4827 0.0029
4828 0.0004
4829 0.0010
4830 0.0662
4831 0.0166
4832 0.0000
4833 0.5417
4834 0.1562
4835 0.0206
4836 0.0016
4837 2.6940
4838 0.0121
4839 0.0009
4840 0.0622
4841 0.3710
4842 0.9945
4843 0.2549
4844 0.0055
4845 0.3309
4846 0.0386
4847 0.0018
4848 0.0001
4849 0.2793
4850 0.0056
4851 0.0033
4852 0.2919
4853 0.0063
4854 0.0000
4855 0.0256
4856 0.0070
4857 0.2126
4858 0.0152
4859 0.0123
4860 0.1530
4861 0.0001
4862 0.0093
4863 0.0182
4864 0.0097
4865 0.0005
4866 0.2971
4867 0.0000
4868 0.0033
4869 0.3856
4870 0.0549
4871 0.2780
4872 0.0329
4873 1.4178
4874 0.0798
4875 0.6969
4876 0.0212
4877 0.1030
4878 0.0439
4879 0.0001
4880 6.7378
4881 0.1274
4882 0.1658
4883 0.0040
4884 0.0258
4885 0.0000
4886 0.7364
4887 0.0003
4888 0.1782
4889 0.1285
4890 1.1860
4891 0.1886
4892 0.0247
4893 0.7871
4894 0.0108
4895 0.0088
4896 0.0030
4897 0.4350
4898 2.0423
4899 0.0151
4900 0.0121
4901 0.0785
4902 0.0001
4903 0.0277
4904 0.0641
4905 0.5327
4906 0.3014
4907 0.4692
4908 0.5268
4909 0.0043
4910 0.6118
4911 1.1755
4912 0.0047
4913 1.1528
4914 0.0145
4915 0.3322
4916 0.0067
4917 0.6143
4918 0.0596
4919 0.0184
4920 0.2778
4921 0.0033
4922 0.2391
4923 0.4218
4924 0.1357
4925 0.0031
4926 0.0014
4927 0.0635
4928 0.0313
4929 0.0029
4930 0.1322
4931 0.0672
4932 0.0005
4933 0.0004
4934 0.0046
4935 0.0018
4936 0.0098
4937 0.0008
4938 0.3285
4939 0.0009
4940 0.0689
4941 0.4856
4942 0.0011
4943 0.0017
4944 0.0169
4945 0.0028
4946 0.0921
4947 0.0029
4948 0.0601
4949 0.0222
4950 0.5535
4951 0.0748
4952 0.1607
4953 0.0229
4954 0.0214
4955 0.0132
4956 0.0009
4957 0.0325
4958 0.1689
4959 0.6636
4960 0.0746
4961 0.0809
4962 0.8869
4963 0.0002
4964 0.0009
4965 0.0153
4966 0.0080
4967 0.0000
4968 0.6087
4969 0.0004
4970 0.2801
4971 0.2837
4972 0.0001
4973 0.0000
4974 0.0040
4975 0.1523
4976 0.5131
4977 0.0000
4978 0.0000
4979 0.5884
4980 1.0478
4981 0.0010
4982 0.1039
4983 0.4457
4984 0.2803
4985 0.3718
4986 0.0004
4987 0.0000
4988 0.0936
4989 0.0632
4990 0.4569
4991 0.0331
4992 0.0015
4993 0.0001
4994 0.0005
4995 0.5975
4996 1.0805
4997 0.0000
4998 1.9159
4999 0.0569
5000 0.0296
5001 0.0003
5002 0.0001
5003 0.0481
5004 0.0086
5005 0.2145
5006 0.0368
5007 0.0049
5008 0.5740
5009 0.0082
5010 0.1269
5011 0.0000
5012 0.0324
5013 0.0007
5014 0.1169
5015 0.0157
5016 0.0071
5017 0.0441
5018 0.2050
5019 0.6661
5020 0.0023
5021 0.0779
5022 0.0046
5023 4.3374
5024 0.8909
5025 0.3893
5026 0.0282
5027 0.0002
5028 0.0019
5029 0.0539
5030 0.0200
5031 0.0085
5032 0.9502
5033 0.0100
5034 0.0130
5035 0.0262
5036 0.0009
5037 0.2352
5038 0.9822
5039 0.0021
5040 0.0059
5041 0.9565
5042 0.3110
5043 0.0009
5044 0.0273
5045 0.0684
5046 0.0000
5047 0.0487
5048 0.0039
5049 0.0004
5050 0.0065
5051 0.1178
5052 0.0005
5053 0.0005
5054 0.0165
5055 0.0000
5056 0.0018
5057 0.0001
5058 0.2872
5059 0.1465
5060 2.5377
5061 0.0022
5062 0.0008
5063 0.1338
5064 0.0395
5065 0.6391
5066 0.1081
5067 0.0046
5068 0.4235
5069 0.1140
5070 0.0066
5071 0.6928
5072 0.2867
5073 1.6239
5074 4.3863
5075 0.0055
5076 0.4617
5077 0.0550
5078 0.0049
5079 0.2411
5080 0.0027
5081 0.0620
5082 0.5779
5083 0.0140
5084 0.0001
5085 0.4860
5086 0.0078
5087 0.0651
5088 0.6283
5089 0.0001
5090 0.0318
5091 0.5292
5092 0.0294
5093 0.0000
5094 0.0005
5095 0.0001
5096 0.1135
5097 0.0473
5098 0.4193
5099 0.0027
5100 0.0882
5101 0.1372
5102 0.0158
5103 0.0036
5104 0.0000
5105 0.1706
5106 0.0000
5107 0.0429
5108 0.7887
5109 0.0319
5110 0.4861
5111 0.8049
5112 0.0015
5113 0.0160
5114 0.0139
5115 0.0079
5116 0.0021
5117 0.9863
5118 0.0046
5119 0.0127
5120 0.0082
5121 0.1549
5122 0.0273
5123 0.0057
5124 0.0096
5125 0.0091
5126 0.0253
5127 0.2019
5128 0.0193
5129 0.0024
5130 0.3430
5131 0.0000
5132 0.0059
5133 0.5909
5134 0.0068
5135 0.0276
5136 0.0129
5137 0.0014
5138 0.0705
5139 0.0092
5140 0.2666
5141 0.1834
5142 0.2707
5143 0.1475
5144 0.0268
5145 0.0319
5146 0.0004
5147 2.5576
5148 0.0056
5149 0.0892
5150 0.0257
5151 0.1449
5152 0.0168
5153 0.0405
5154 0.0002
5155 0.0052
5156 0.0264
5157 0.4964
5158 1.4691
5159 0.0023
5160 0.6582
5161 0.0000
5162 0.1659
5163 0.0082
5164 0.0010
5165 0.3493
5166 0.0001
5167 0.0008
5168 0.1114
5169 0.2755
5170 0.0590
5171 0.1352
5172 0.0018
5173 0.7472
5174 0.1670
5175 0.0053
5176 0.4533
5177 0.0039
5178 0.0002
5179 0.0061
5180 0.0019
5181 0.1649
5182 0.0003
5183 0.0375
5184 0.0085
5185 0.1324
5186 0.0102
5187 0.2542
5188 0.0010
5189 0.3829
5190 0.0006
5191 0.0135
5192 0.0000
5193 0.0644
5194 0.0001
5195 0.0004
5196 0.5110
5197 0.0515
5198 0.0162
5199 0.0044
5200 0.2551
5201 0.1198
5202 0.0016
5203 0.0002
5204 0.3281
5205 0.1148
5206 0.0055
5207 0.0011
5208 1.8799
5209 0.9376
5210 0.1476
5211 0.0021
5212 0.0136
5213 0.0000
5214 0.0063
5215 0.0046
5216 0.0000
5217 0.0008
5218 0.0001
5219 0.0671
5220 0.0312
5221 0.0007
5222 0.0000
5223 0.0406
5224 0.0104
5225 0.0048
5226 0.0000
5227 0.1433
5228 0.8191
5229 0.0168
5230 0.5365
5231 0.0001
5232 0.0009
5233 0.0000
5234 0.0001
5235 0.2520
5236 0.0001
5237 1.6791
5238 0.0000
5239 0.0000
5240 1.1533
5241 0.2143
5242 0.0002
5243 0.0017
5244 0.0030
5245 0.0003
5246 0.2166
5247 0.0427
5248 0.2369
5249 0.0094
5250 0.6410
5251 0.0005
5252 2.0398
5253 0.0217
5254 0.5850
5255 0.0024
5256 0.0038
5257 0.0068
5258 0.0043
5259 0.0065
5260 0.2698
5261 0.0695
5262 0.3924
5263 0.0000
5264 1.5381
5265 0.0281
5266 0.0003
5267 0.1691
5268 0.0000
5269 0.0017
5270 0.0076
5271 0.0029
5272 0.0007
5273 0.0123
5274 0.8521
5275 0.0001
5276 0.2259
5277 0.0156
5278 0.0004
5279 0.0010
5280 0.0001
5281 0.0772
5282 0.0006
5283 0.0056
5284 0.2529
5285 0.5549
5286 0.0000
5287 0.0039
5288 0.0044
5289 0.1036
5290 0.0002
5291 1.5833
5292 1.4383
5293 0.0224
5294 0.0020
5295 0.0361
5296 0.0906
5297 3.4875
5298 0.0360
5299 0.0100
5300 0.4968
5301 0.6041
5302 0.1096
5303 0.0000
5304 0.0247
5305 0.0559
5306 0.1378
5307 0.0290
5308 0.9416
5309 0.4480
5310 0.0014
5311 0.3292
5312 0.6235
5313 0.2767
5314 0.1088
5315 0.0858
5316 0.8935
5317 0.4727
5318 0.0225
5319 0.0000
5320 1.3507
5321 0.3418
5322 2.0560
5323 2.3181
5324 0.0654
5325 0.0235
5326 0.1441
5327 0.0385
5328 0.0002
5329 0.0053
5330 0.0399
5331 0.2822
5332 0.0510
5333 0.0019
5334 0.0095
5335 0.0018
5336 0.8818
5337 0.0009
5338 0.0013
5339 0.0236
5340 0.0100
5341 0.0007
5342 0.0119
5343 0.2048
5344 0.0388
5345 0.0988
5346 0.1172
5347 0.0009
5348 0.0002
5349 0.0085
5350 0.0168
5351 0.3205
5352 2.3647
5353 0.1156
5354 0.4194
5355 0.0015
5356 0.0260
5357 0.3835
5358 0.0130
5359 0.0004
5360 2.3193
5361 0.0110
5362 0.0694
5363 0.0329
5364 0.0428
5365 0.0040
5366 0.0133
5367 0.0616
5368 0.2427
5369 0.1735
5370 2.4141
5371 0.0302
5372 0.0624
5373 0.0122
5374 0.0209
5375 0.1295
5376 0.4628
5377 0.0637
5378 0.0018
5379 0.0001
5380 0.0075
5381 0.0000
5382 0.0065
5383 0.0233
5384 0.5095
5385 2.0552
5386 0.0188
5387 0.0699
5388 0.5412
5389 0.0005
5390 0.2507
5391 0.2350
5392 0.0625
5393 0.3628
5394 0.0802
5395 0.0126
5396 0.0041
5397 0.0010
5398 0.0503
5399 0.0202
5400 0.0181
5401 0.0001
5402 0.0269
5403 0.0025
5404 0.0007
5405 0.1097
5406 0.0215
5407 0.0859
5408 0.0040
5409 0.0315
5410 3.2924
5411 0.0192
5412 0.0009
5413 0.2037
5414 0.2881
5415 0.2677
5416 2.3480
5417 0.0546
5418 0.1577
5419 1.0755
5420 0.0006
5421 0.3470
5422 0.0023
5423 0.9201
5424 1.2860
5425 0.0039
5426 0.7345
5427 0.0332
5428 0.0040
5429 0.0621
5430 0.0025
5431 0.2272
5432 0.0295
5433 0.3233
5434 0.1555
5435 0.0000
5436 0.1149
5437 0.0010
5438 0.1631
5439 0.0012
5440 0.0110
5441 0.1251
5442 0.0221
5443 0.1067
5444 0.0009
5445 1.2993
5446 0.1182
5447 0.0138
5448 0.1925
5449 2.9619
5450 0.0010
5451 0.0030
5452 0.0356
5453 0.0000
5454 0.0402
5455 0.0089
5456 0.0100
5457 0.0422
5458 0.0014
5459 0.4085
5460 0.0007
5461 0.0061
5462 0.0245
5463 0.1023
5464 0.0090
5465 0.0002
5466 0.0009
5467 1.1414
5468 0.2142
5469 4.2609
5470 0.0001
5471 0.4430
5472 0.0123
5473 0.4196
5474 0.4600
5475 0.7350
5476 0.4657
5477 0.0949
5478 0.0037
5479 0.2355
5480 0.0643
5481 0.0102
5482 0.2117
5483 0.3913
5484 0.0005
5485 0.0258
5486 0.1320
5487 0.0673
5488 0.0436
5489 0.0012
5490 0.0200
5491 1.7879
5492 0.0085
5493 0.0052
5494 0.0702
5495 0.0873
5496 1.2027
5497 0.0180
5498 0.0098
5499 0.2729
5500 0.2185
5501 0.0128
5502 0.0452
5503 0.0713
5504 0.0087
5505 0.0597
5506 0.0423
5507 0.0019
5508 0.0053
5509 0.0959
5510 0.3294
5511 0.3599
5512 0.0389
5513 0.3623
5514 0.0002
5515 0.0085
5516 0.5529
5517 0.2788
5518 0.0104
5519 0.5846
5520 1.2812
5521 0.0001
5522 0.4963
5523 0.5521
5524 0.0006
5525 0.0388
5526 0.0105
5527 4.7787
5528 0.2968
5529 0.0003
5530 0.0012
5531 0.0000
5532 0.0052
5533 0.0657
5534 0.0062
5535 0.0001
5536 1.8160
5537 0.0000
5538 0.0098
5539 0.2685
5540 0.0008
5541 0.2613
5542 0.0006
5543 0.3660
5544 0.2179
5545 0.5792
5546 0.0932
5547 1.8470
5548 2.6010
5549 0.0007
5550 0.0004
5551 0.9595
5552 0.0346
5553 0.4947
5554 0.0000
5555 0.0085
5556 0.2444
5557 0.2006
5558 1.6786
5559 0.0027
5560 0.4268
5561 0.0449
5562 0.6961
5563 0.0002
5564 0.3082
5565 0.0080
5566 0.0155
5567 0.0850
5568 0.1407
5569 0.1197
5570 0.0365
5571 0.0011
5572 0.2797
5573 0.0006
5574 0.0006
5575 0.1496
5576 0.5720
5577 0.0001
5578 0.0864
5579 0.1705
5580 0.0006
5581 0.0001
5582 0.0001
5583 0.0006
5584 2.1113
5585 0.0436
5586 1.2044
5587 0.0001
5588 0.0117
5589 1.7282
5590 0.0030
5591 0.0158
5592 0.2847
5593 0.1143
5594 0.0092
5595 0.6294
5596 0.7684
5597 1.6548
5598 0.0820
5599 0.0269
5600 0.7247
5601 1.3645
5602 1.5615
5603 0.0003
5604 0.0820
5605 0.0938
5606 0.0015
5607 0.0151
5608 0.3823
5609 0.3547
5610 0.0175
5611 0.1614
5612 0.0005
5613 0.1093
5614 0.1312
5615 0.8284
5616 0.0017
5617 0.2927
5618 0.2586
5619 0.5634
5620 0.0000
5621 0.2316
5622 2.8357
5623 0.4664
5624 0.0053
5625 0.0208
5626 1.9895
5627 0.0774
5628 0.2121
5629 0.5231
5630 0.0042
5631 0.0977
5632 0.0005
5633 0.0197
5634 0.4943
5635 0.0911
5636 0.1016
5637 1.7582
5638 0.6303
5639 0.2605
5640 0.0584
5641 0.0041
5642 0.0013
5643 0.0001
5644 0.8250
5645 0.0001
5646 2.0815
5647 0.8772
5648 0.8290
5649 0.0013
5650 0.0268
5651 0.0001
5652 0.1608
5653 0.0058
5654 0.0006
5655 0.5435
5656 0.0289
5657 0.0000
5658 0.1091
5659 2.7465
5660 0.1919
5661 0.0067
5662 0.4523
5663 0.0663
5664 4.9780
5665 0.0152
5666 0.0535
5667 0.0925
5668 0.0014
5669 0.0221
5670 0.7244
5671 0.1422
5672 0.0211
5673 1.1870
5674 0.0088
5675 0.0168
5676 0.0031
5677 0.0538
5678 0.0395
5679 0.6706
5680 1.0141
5681 1.3001
5682 0.0105
5683 0.0003
5684 0.0229
5685 0.4112
5686 0.0101
5687 0.1241
5688 0.0025
5689 0.8459
5690 0.1857
5691 0.0188
5692 0.8313
5693 0.0718
5694 0.0133
5695 0.0274
5696 0.0233
5697 0.1659
5698 0.0555
5699 0.1192
5700 0.0464
5701 0.0053
5702 0.9903
5703 0.0004
5704 0.0507
5705 0.0596
5706 0.0155
5707 0.0003
5708 0.1767
5709 0.1928
5710 0.0124
5711 0.0008
5712 0.5310
5713 0.9349
5714 0.6498
5715 0.0181
5716 0.2506
5717 0.2295
5718 0.0103
5719 0.0213
5720 0.2057
5721 0.0495
5722 0.0039
5723 0.2154
5724 0.0023
5725 0.2338
5726 0.0030
5727 1.0312
5728 0.0054
5729 0.0053
5730 0.0088
5731 3.3311
5732 0.0043
5733 0.0034
5734 0.0001
5735 0.0000
5736 0.0000
5737 0.1027
5738 0.0264
5739 0.0985
5740 0.0032
5741 0.0106
5742 0.0159
5743 0.2359
5744 0.1876
5745 0.1974
5746 0.0020
5747 0.0000
5748 0.0368
5749 0.0097
5750 0.0006
5751 0.0957
5752 0.0014
5753 0.0880
5754 0.0289
5755 0.0012
5756 0.0025
5757 0.1182
5758 0.0000
5759 0.0050
5760 0.0321
5761 0.0010
5762 0.0564
5763 0.5961
5764 0.1929
5765 0.0027
5766 0.0286
5767 0.0003
5768 0.0027
5769 4.3758
5770 0.0707
5771 1.5983
5772 0.3568
5773 0.0761
5774 0.0329
5775 0.0022
5776 1.4391
5777 0.0711
5778 0.0367
5779 0.2920
5780 0.0204
5781 0.0240
5782 0.0890
5783 0.0164
5784 0.0066
5785 0.3928
5786 0.0059
5787 0.7893
5788 0.7415
5789 0.1411
5790 0.2468
5791 0.3212
5792 0.0500
5793 1.0137
5794 0.1254
5795 1.0302
5796 0.0049
5797 0.1221
5798 0.3954
5799 0.0042
5800 0.0668
5801 0.2337
5802 0.7789
5803 0.2973
5804 0.9473
5805 0.2381
5806 0.0990
5807 0.0004
5808 0.0007
5809 0.0087
5810 0.4121
5811 0.2949
5812 0.0115
5813 0.0770
5814 0.0034
5815 0.0039
5816 0.0078
5817 0.0001
5818 0.0068
5819 0.0017
5820 0.0148
5821 0.0089
5822 0.1594
5823 0.0193
5824 0.0501
5825 0.0002
5826 0.0102
5827 0.8616
5828 0.0595
5829 0.0770
5830 0.2737
5831 0.0026
5832 0.2004
5833 0.8788
5834 0.0873
5835 0.0022
5836 0.0205
5837 0.0516
5838 0.0003
5839 0.0019
5840 0.0418
5841 0.3679
5842 0.0435
5843 0.3758
5844 0.0000
5845 0.0127
5846 0.9778
5847 0.5315
5848 0.5709
5849 0.0036
5850 0.0005
5851 0.0003
5852 0.0049
5853 1.7560
5854 0.0001
5855 0.0012
5856 0.0002
5857 0.3476
5858 0.0010
5859 0.0054
5860 0.0011
5861 0.0258
5862 0.0307
5863 0.0023
5864 0.0210
5865 0.0000
5866 0.0765
5867 0.0018
5868 0.0252
5869 0.0007
5870 0.0031
5871 0.2400
5872 0.2063
5873 0.0000
5874 0.0400
5875 0.0382
5876 0.0001
5877 0.0002
5878 0.0001
5879 0.0117
5880 0.0255
5881 0.0006
5882 0.0960
5883 0.0209
5884 0.0003
5885 0.6964
5886 0.0012
5887 1.0544
5888 0.7976
5889 0.0224
5890 0.0056
5891 0.0005
5892 0.1188
5893 0.2259
5894 0.0130
5895 0.0265
5896 0.0001
5897 0.1038
5898 0.0214
5899 0.0453
5900 0.0054
5901 0.2368
5902 0.0008
5903 4.1750
5904 0.0221
5905 0.3982
5906 0.2784
5907 0.1369
5908 0.2317
5909 0.9716
5910 0.4227
5911 0.0315
5912 0.0066
5913 0.3207
5914 0.0011
5915 0.0582
5916 1.3236
5917 0.0178
5918 0.0030
5919 0.0046
5920 0.0287
5921 0.0009
5922 0.2004
5923 0.3597
5924 0.0624
5925 0.0179
5926 0.0224
5927 0.0018
5928 0.2374
5929 0.0682
5930 0.0059
5931 0.0147
5932 0.1152
5933 0.0137
5934 0.0000
5935 0.5591
5936 2.1957
5937 0.8400
5938 0.2306
5939 0.1320
5940 0.0001
5941 0.1192
5942 0.3122
5943 0.0017
5944 0.3480
5945 0.0371
5946 0.5610
5947 3.3531
5948 0.0010
5949 0.0090
5950 0.3495
5951 0.0090
5952 0.0079
5953 0.0002
5954 2.5057
5955 0.1703
5956 0.1041
5957 0.0001
5958 0.0030
5959 0.0581
5960 0.0607
5961 0.0036
5962 0.0536
5963 0.0767
5964 0.0157
5965 0.0063
5966 0.0426
5967 1.4148
5968 0.0000
5969 0.0011
5970 0.0000
5971 0.0022
5972 0.0009
5973 1.1565
5974 0.1849
5975 0.4831
5976 0.0000
5977 0.0010
5978 0.0049
5979 0.0739
5980 0.2448
5981 0.1586
5982 0.0221
5983 0.0555
5984 0.6413
5985 1.1151
5986 0.4772
5987 0.0217
5988 0.0256
5989 0.3048
5990 0.1071
5991 0.4030
5992 0.1252
5993 0.0002
5994 0.0013
5995 0.0000
5996 0.0001
5997 0.6381
5998 0.0106
5999 0.0197
6000 0.0000
6001 0.0076
6002 0.0646
6003 0.0000
6004 0.0053
6005 0.0432
6006 0.0737
6007 0.0000
6008 0.0000
6009 0.0061
6010 0.1349
6011 0.0026
6012 0.0007
6013 0.4191
6014 1.6148
6015 0.0572
6016 0.0607
6017 0.0000
6018 0.0019
6019 0.0000
6020 0.0054
6021 0.0845
6022 0.0014
6023 0.0004
6024 0.0047
6025 0.0018
6026 0.5189
6027 0.0015
6028 0.0010
6029 0.9079
6030 0.0001
6031 2.2888
6032 1.8404
6033 0.0001
6034 0.1834
6035 0.3352
6036 0.0021
6037 0.0015
6038 0.0413
6039 0.0001
6040 2.9851
6041 0.0001
6042 2.2046
6043 0.0000
6044 0.0014
6045 0.0267
6046 0.0540
6047 0.0285
6048 0.0215
6049 0.0015
6050 0.4782
6051 0.4877
6052 0.0031
6053 0.5608
6054 0.0833
6055 0.0000
6056 0.0043
6057 0.2094
6058 0.0003
6059 0.0016
6060 0.0000
6061 0.4418
6062 0.0001
6063 0.3030
6064 0.0526
6065 0.1685
6066 0.0027
6067 0.0148
6068 0.7439
6069 0.0002
6070 0.4330
6071 1.8285
6072 0.0440
6073 0.0032
6074 0.0786
6075 0.1260
6076 0.0018
6077 0.0021
6078 0.8669
6079 0.0666
6080 0.0000
6081 0.8246
6082 0.1376
6083 0.4309
6084 0.0443
6085 0.6211
6086 0.0404
6087 0.0038
6088 0.0073
6089 0.0498
6090 0.0096
6091 0.0021
6092 0.0084
6093 0.0011
6094 0.0763
6095 0.0386
6096 0.0030
6097 0.4692
6098 0.0000
6099 1.1182
6100 0.0247
6101 0.1214
6102 0.0056
6103 0.0164
6104 0.0026
6105 0.0007
6106 0.0152
6107 0.0143
6108 0.0010
6109 0.0028
6110 0.0492
6111 0.0008
6112 0.4350
6113 0.0001
6114 0.0002
6115 0.0760
6116 0.0002
6117 0.0536
6118 0.0011
6119 0.1138
6120 0.0934
6121 0.7632
6122 0.0095
6123 0.0419
6124 1.5357
6125 0.0004
6126 0.0049
6127 0.3097
6128 0.0008
6129 0.0065
6130 0.0000
6131 0.0004
6132 0.0000
6133 0.0266
6134 0.3919
6135 0.0061
6136 0.1139
6137 0.0000
6138 0.0359
6139 0.0375
6140 0.1777
6141 0.0465
6142 0.0003
6143 0.0003
6144 0.1361
6145 0.0071
6146 1.5435
6147 1.0505
6148 0.0375
6149 0.0909
6150 0.8121
6151 0.0144
6152 0.0934
6153 0.0507
6154 0.0019
6155 0.0882
6156 0.0023
6157 0.0000
6158 0.0000
6159 0.0022
6160 0.1574
6161 0.0117
6162 0.0767
6163 0.3811
6164 0.3982
6165 0.0819
6166 0.0025
6167 0.0366
6168 0.2235
6169 0.0002
6170 0.0000
6171 0.0009
6172 0.0010
6173 0.0224
6174 0.0095
6175 0.0049
6176 0.5797
6177 0.0559
6178 0.0001
6179 0.0090
6180 0.0178
6181 1.0652
6182 0.0250
6183 0.0280
6184 0.1001
6185 0.0014
6186 0.3211
6187 0.0002
6188 0.1429
6189 0.0053
6190 0.0000
6191 0.0004
6192 0.0003
6193 0.0014
6194 1.2154
6195 0.3331
6196 0.0147
6197 0.0079
6198 0.1296
6199 0.0107
6200 0.0391
6201 0.0041
6202 0.0014
6203 0.1252
6204 0.0340
6205 0.0000
6206 0.1650
6207 0.0035
6208 0.0034
6209 0.1389
6210 0.0000
6211 0.0051
6212 0.0078
6213 0.0013
6214 0.2797
6215 0.0019
6216 0.0018
6217 0.7687
6218 0.0002
6219 0.0911
6220 0.0002
6221 0.0054
6222 0.1598
6223 0.0044
6224 0.5623
6225 0.0362
6226 0.4977
6227 0.1117
6228 0.3899
6229 0.2927
6230 0.0250
6231 0.0020
6232 0.1669
6233 0.0218
6234 0.0028
6235 0.0014
6236 0.0003
6237 0.1499
6238 0.0000
6239 0.0009
6240 1.4909
6241 0.0164
6242 0.0000
6243 0.0275
6244 0.0014
6245 6.4433
6246 0.0002
6247 0.1169
6248 0.0066
6249 0.0004
6250 0.1177
6251 0.0015
6252 0.1170
6253 0.1008
6254 0.0072
6255 0.0342
6256 0.2403
6257 0.0146
6258 0.0000
6259 0.0004
6260 0.0000
6261 0.0329
6262 0.0309
6263 0.5050
6264 0.1830
6265 0.0393
6266 2.4402
6267 0.0266
6268 0.6968
6269 0.0225
6270 0.2014
6271 0.0102
6272 0.0076
6273 0.0010
6274 0.0073
6275 0.0001
6276 0.0047
6277 0.3651
6278 0.1616
6279 0.0000
6280 0.4155
6281 0.0622
6282 0.1770
6283 0.0765
6284 0.0129
6285 0.0667
6286 0.3349
6287 0.6564
6288 0.0001
6289 0.0077
6290 0.6006
6291 0.1192
6292 0.1138
6293 0.0070
6294 0.1648
6295 0.0049
6296 0.0011
6297 0.8005
6298 0.0214
6299 0.0039
6300 0.2948
6301 0.0017
6302 0.0000
6303 0.0907
6304 0.0175
6305 0.5041
6306 0.0116
6307 0.0009
6308 0.0000
6309 3.7275
6310 0.0072
6311 0.0435
6312 0.5185
6313 0.0000
6314 0.0000
6315 0.0057
6316 0.6906
6317 0.0093
6318 0.0188
6319 0.0431
6320 3.3853
6321 0.0000
6322 0.0000
6323 0.0120
6324 0.0584
6325 0.1556
6326 0.0604
6327 0.0476
6328 0.0001
6329 0.0057
6330 0.1130
6331 0.0000
6332 0.0000
6333 0.0003
6334 0.0016
6335 0.5901
6336 5.8463
6337 1.2931
6338 0.0234
6339 0.0657
6340 0.0003
6341 0.0749
6342 0.0001
6343 0.3027
6344 0.0136
6345 0.4459
6346 0.0024
6347 0.1285
6348 0.0172
6349 0.2930
6350 0.1607
6351 0.0112
6352 0.0006
6353 0.0034
6354 0.0003
6355 0.0395
6356 0.0015
6357 0.5893
6358 0.1178
6359 0.0719
6360 0.0036
6361 0.0458
6362 0.0015
6363 1.2921
6364 0.0039
6365 0.2651
6366 0.0182
6367 0.4812
6368 0.0090
6369 0.0857
6370 0.3268
6371 0.0136
6372 0.0178
6373 0.0075
6374 0.0317
6375 0.0143
6376 0.0310
6377 0.3224
6378 0.7356
6379 0.2515
6380 0.0068
6381 0.0034
6382 0.1125
6383 0.0937
6384 0.0138
6385 0.0059
6386 0.0863
6387 0.0334
6388 0.0001
6389 0.0012
6390 0.0052
6391 0.0115
6392 0.1550
6393 0.0601
6394 0.0013
6395 0.0120
6396 0.0854
6397 0.1143
6398 0.3476
6399 1.9146
6400 0.0570
6401 0.0940
6402 0.0106
6403 0.0235
6404 0.0308
6405 0.0003
6406 0.0096
6407 0.3499
6408 0.0127
6409 1.3224
6410 0.8678
6411 0.1232
6412 0.0059
6413 0.0025
6414 0.0001
6415 0.0000
6416 0.1434
6417 0.0006
6418 0.0001
6419 0.0001
6420 0.1361
6421 0.0002
6422 0.0558
6423 0.0247
6424 0.0000
6425 0.6345
6426 0.0000
6427 0.0082
6428 0.0109
6429 0.0002
6430 0.0696
6431 0.0008
6432 0.2394
6433 1.4039
6434 0.3055
6435 0.0204
6436 0.0282
6437 2.2388
6438 2.1479
6439 0.0386
6440 0.0014
6441 0.1023
6442 0.1177
6443 0.0662
6444 0.0014
6445 0.0000
6446 0.6682
6447 0.7674
6448 0.0031
6449 0.0217
6450 2.5429
6451 0.0101
6452 0.0839
6453 0.0411
6454 0.8737
6455 2.3710
6456 0.0100
6457 0.0074
6458 0.0015
6459 0.1534
6460 0.9145
6461 0.0238
6462 1.2566
6463 0.0003
6464 0.0022
6465 0.1217
6466 0.1633
6467 1.2519
6468 0.0266
6469 2.1196
6470 0.0709
6471 0.0479
6472 1.4242
6473 0.0000
6474 0.0001
6475 0.0233
6476 0.0077
6477 0.5956
6478 0.2079
6479 0.0043
6480 0.4581
6481 0.0365
6482 0.0698
6483 0.1693
6484 2.3128
6485 0.0095
6486 1.4362
6487 0.0272
6488 0.0529
6489 0.0790
6490 0.3058
6491 1.6507
6492 0.1139
6493 0.0003
6494 0.0001
6495 0.3578
6496 0.0209
6497 0.1053
6498 0.0478
6499 0.0007
6500 0.0043
6501 0.0809
6502 1.9919
6503 0.5453
6504 0.0055
6505 0.0129
6506 0.0084
6507 0.1447
6508 0.0029
6509 0.0008
6510 0.9638
6511 3.6008
6512 0.6294
6513 0.0315
6514 0.0205
6515 0.0997
6516 0.1027
6517 0.0601
6518 0.0183
6519 0.0151
6520 0.3821
6521 4.8162
6522 0.0382
6523 0.0608
6524 0.3216
6525 0.3823
6526 0.0309
6527 0.3041
6528 0.0142
6529 0.1826
6530 0.0204
6531 0.2339
6532 0.1144
6533 1.4514
6534 0.5270
6535 0.0010
6536 0.5368
6537 0.4341
6538 0.6641
6539 1.3811
6540 0.6066
6541 0.0001
6542 1.2599
6543 0.0010
6544 0.1051
6545 0.1001
6546 0.0005
6547 0.6019
6548 0.0001
6549 0.0099
6550 1.5642
6551 0.0603
6552 0.0009
6553 0.0788
6554 0.0045
6555 0.8584
6556 0.0689
6557 0.5103
6558 0.0005
6559 0.0019
6560 0.0263
6561 0.0068
6562 0.1987
6563 0.0020
6564 0.0106
6565 0.0033
6566 0.0322
6567 0.0001
6568 0.0000
6569 0.0014
6570 0.0013
6571 0.0011
6572 0.0547
6573 0.0838
6574 0.0018
6575 0.1266
6576 0.0150
6577 0.4297
6578 0.0104
6579 0.1228
6580 0.0155
6581 0.4740
6582 0.1414
6583 0.0140
6584 0.0007
6585 2.1039
6586 0.0257
6587 0.2580
6588 0.0133
6589 0.0838
6590 0.1068
6591 0.0022
6592 0.0602
6593 0.0033
6594 0.0035
6595 0.0117
6596 0.0042
6597 0.9246
6598 0.0612
6599 0.0585
6600 0.0868
6601 0.0132
6602 0.0177
6603 0.0404
6604 0.0005
6605 0.0102
6606 0.6206
6607 0.4757
6608 0.1507
6609 0.0050
6610 0.1661
6611 0.0943
6612 0.5638
6613 0.0620
6614 1.6082
6615 0.0649
6616 0.2288
6617 0.1603
6618 0.4523
6619 0.6241
6620 0.1927
6621 0.0349
6622 0.0191
6623 0.0231
6624 0.0165
